memory profiling: sample.interval=20000
:409198:3252186482:36321768:27:"aperm.default" "aperm" "apply" "standardGeneric" "apply" 
:409198:2752186482:36321768:0:"aperm.default" "aperm" "apply" "standardGeneric" "apply" 
:409198:2752186482:36321768:0:"aperm.default" "aperm" "apply" "standardGeneric" "apply" 
:409198:2752186482:36321768:0:"aperm.default" "aperm" "apply" "standardGeneric" "apply" 
:409198:2752186482:36321768:0:"aperm.default" "aperm" "apply" "standardGeneric" "apply" 
:409198:2752186482:36321768:0:"aperm.default" "aperm" "apply" "standardGeneric" "apply" 
:409198:2752186482:36321768:0:"aperm.default" "aperm" "apply" "standardGeneric" "apply" 
:409198:2752186482:36321768:0:"aperm.default" "aperm" "apply" "standardGeneric" "apply" 
:409198:2752186482:36321768:0:"aperm.default" "aperm" "apply" "standardGeneric" "apply" 
:409198:2752186482:36321768:0:"aperm.default" "aperm" "apply" "standardGeneric" "apply" 
:409198:2752186482:36321768:0:"aperm.default" "aperm" "apply" "standardGeneric" "apply" 
:409198:2752186482:36321768:0:"aperm.default" "aperm" "apply" "standardGeneric" "apply" 
:409198:2752186482:36321768:0:"aperm.default" "aperm" "apply" "standardGeneric" "apply" 
:409198:2752186482:36321768:0:"aperm.default" "aperm" "apply" "standardGeneric" "apply" 
:409198:2752186482:36321768:0:"aperm.default" "aperm" "apply" "standardGeneric" "apply" 
:409198:2752186482:36321768:0:"aperm.default" "aperm" "apply" "standardGeneric" "apply" 
:409198:2752186482:36321768:0:"aperm.default" "aperm" "apply" "standardGeneric" "apply" 
:408699:3000686392:36197224:0:"aperm.default" "aperm" "apply" "standardGeneric" "apply" 
:408699:3000686392:36197224:0:"aperm.default" "aperm" "apply" "standardGeneric" "apply" 
:408699:3000686392:36197224:0:"aperm.default" "aperm" "apply" "standardGeneric" "apply" 
:408699:3000686392:36197224:0:"aperm.default" "aperm" "apply" "standardGeneric" "apply" 
:408699:3000686392:36197224:0:"aperm.default" "aperm" "apply" "standardGeneric" "apply" 
:408699:3000686392:36197224:0:"aperm.default" "aperm" "apply" "standardGeneric" "apply" 
:408699:3000686392:36197224:0:"aperm.default" "aperm" "apply" "standardGeneric" "apply" 
:408699:3000686392:36197224:0:"aperm.default" "aperm" "apply" "standardGeneric" "apply" 
:408699:3000686392:36197224:0:"aperm.default" "aperm" "apply" "standardGeneric" "apply" 
:408699:3000686392:36197224:0:"aperm.default" "aperm" "apply" "standardGeneric" "apply" 
:408699:3000686392:36197224:0:"aperm.default" "aperm" "apply" "standardGeneric" "apply" 
:408699:3000686392:36197224:0:"aperm.default" "aperm" "apply" "standardGeneric" "apply" 
:408699:3000686392:36197224:0:"aperm.default" "aperm" "apply" "standardGeneric" "apply" 
:408699:3000686392:36197224:0:"aperm.default" "aperm" "apply" "standardGeneric" "apply" 
:408699:3000686392:36197224:0:"aperm.default" "aperm" "apply" "standardGeneric" "apply" 
:408699:3000686392:36197224:0:"aperm.default" "aperm" "apply" "standardGeneric" "apply" 
:408699:3000686392:36197224:0:"aperm.default" "aperm" "apply" "standardGeneric" "apply" 
:408699:3000686392:36197224:0:"aperm.default" "aperm" "apply" "standardGeneric" "apply" 
:408699:3000686392:36197224:0:"aperm.default" "aperm" "apply" "standardGeneric" "apply" 
:408699:3000686392:36197224:0:"aperm.default" "aperm" "apply" "standardGeneric" "apply" 
:408699:3000686392:36197224:0:"aperm.default" "aperm" "apply" "standardGeneric" "apply" 
:408699:3000686392:36197224:0:"aperm.default" "aperm" "apply" "standardGeneric" "apply" 
:408699:3000686392:36197224:0:"aperm.default" "aperm" "apply" "standardGeneric" "apply" 
:408699:3000686392:36197224:0:"aperm.default" "aperm" "apply" "standardGeneric" "apply" 
:408699:3000686392:36197224:0:"aperm.default" "aperm" "apply" "standardGeneric" "apply" 
:408699:3000686392:36197224:0:"aperm.default" "aperm" "apply" "standardGeneric" "apply" 
:408699:3000686392:36197224:0:"aperm.default" "aperm" "apply" "standardGeneric" "apply" 
:408699:3000686392:36197224:0:"aperm.default" "aperm" "apply" "standardGeneric" "apply" 
:408699:3000686392:36197224:0:"aperm.default" "aperm" "apply" "standardGeneric" "apply" 
:408699:3000686392:36197224:0:"aperm.default" "aperm" "apply" "standardGeneric" "apply" 
:408699:3000686392:36197224:0:"aperm.default" "aperm" "apply" "standardGeneric" "apply" 
:408699:3000686392:36197224:0:"aperm.default" "aperm" "apply" "standardGeneric" "apply" 
:408699:3000686392:36197224:0:"aperm.default" "aperm" "apply" "standardGeneric" "apply" 
:408699:3000686392:36197224:0:"aperm.default" "aperm" "apply" "standardGeneric" "apply" 
:408699:3000686392:36197224:0:"aperm.default" "aperm" "apply" "standardGeneric" "apply" 
:408699:3000686392:36197224:0:"aperm.default" "aperm" "apply" "standardGeneric" "apply" 
:408699:3000686392:36197224:0:"aperm.default" "aperm" "apply" "standardGeneric" "apply" 
:408699:3000686392:36197224:0:"aperm.default" "aperm" "apply" "standardGeneric" "apply" 
:408699:3000686392:36197224:0:"aperm.default" "aperm" "apply" "standardGeneric" "apply" 
:408699:3000686392:36197224:0:"aperm.default" "aperm" "apply" "standardGeneric" "apply" 
:408699:3000686392:36197224:0:"aperm.default" "aperm" "apply" "standardGeneric" "apply" 
:408699:3000686392:36197224:0:"aperm.default" "aperm" "apply" "standardGeneric" "apply" 
:408699:3000686392:36197224:0:"aperm.default" "aperm" "apply" "standardGeneric" "apply" 
:408699:3000686392:36197224:0:"aperm.default" "aperm" "apply" "standardGeneric" "apply" 
:408699:3000686392:36197224:0:"aperm.default" "aperm" "apply" "standardGeneric" "apply" 
:408699:3000686392:36197224:0:"aperm.default" "aperm" "apply" "standardGeneric" "apply" 
:408699:3000686392:36197224:0:"aperm.default" "aperm" "apply" "standardGeneric" "apply" 
:408699:3000686392:36197224:0:"aperm.default" "aperm" "apply" "standardGeneric" "apply" 
:408699:3000686392:36197224:0:"aperm.default" "aperm" "apply" "standardGeneric" "apply" 
:408699:3000686392:36197224:0:"aperm.default" "aperm" "apply" "standardGeneric" "apply" 
:408699:3000686392:36197224:0:"aperm.default" "aperm" "apply" "standardGeneric" "apply" 
:408699:3000686392:36197224:0:"aperm.default" "aperm" "apply" "standardGeneric" "apply" 
:408699:3000686392:36197224:0:"aperm.default" "aperm" "apply" "standardGeneric" "apply" 
:408699:3000686392:36197224:0:"aperm.default" "aperm" "apply" "standardGeneric" "apply" 
:408699:3000686392:36197224:0:"aperm.default" "aperm" "apply" "standardGeneric" "apply" 
:408699:3000686392:36197224:0:"aperm.default" "aperm" "apply" "standardGeneric" "apply" 
:408699:3000686392:36197224:0:"aperm.default" "aperm" "apply" "standardGeneric" "apply" 
:408699:3000686392:36197224:0:"aperm.default" "aperm" "apply" "standardGeneric" "apply" 
:408699:3000686392:36197224:0:"aperm.default" "aperm" "apply" "standardGeneric" "apply" 
:408699:3000686392:36197224:0:"aperm.default" "aperm" "apply" "standardGeneric" "apply" 
:408699:3000686392:36197224:0:"aperm.default" "aperm" "apply" "standardGeneric" "apply" 
:408699:3000686392:36197224:0:"aperm.default" "aperm" "apply" "standardGeneric" "apply" 
:408699:3000686392:36197224:0:"aperm.default" "aperm" "apply" "standardGeneric" "apply" 
:408699:3000686392:36197224:0:"aperm.default" "aperm" "apply" "standardGeneric" "apply" 
:408699:3000686392:36197224:0:"aperm.default" "aperm" "apply" "standardGeneric" "apply" 
:408699:3000686392:36197224:0:"aperm.default" "aperm" "apply" "standardGeneric" "apply" 
:408699:3000686392:36197224:0:"aperm.default" "aperm" "apply" "standardGeneric" "apply" 
:408699:3000686392:36197224:0:"aperm.default" "aperm" "apply" "standardGeneric" "apply" 
:408699:3000686392:36197224:0:"aperm.default" "aperm" "apply" "standardGeneric" "apply" 
:408699:3000686392:36197224:0:"aperm.default" "aperm" "apply" "standardGeneric" "apply" 
:408699:3000686392:36197224:0:"aperm.default" "aperm" "apply" "standardGeneric" "apply" 
:408699:3000686392:36197224:0:"aperm.default" "aperm" "apply" "standardGeneric" "apply" 
:408699:3000686392:36197224:0:"aperm.default" "aperm" "apply" "standardGeneric" "apply" 
:408699:3000686392:36197224:0:"aperm.default" "aperm" "apply" "standardGeneric" "apply" 
:408699:3000686392:36197224:0:"aperm.default" "aperm" "apply" "standardGeneric" "apply" 
:408699:3000686392:36197224:0:"aperm.default" "aperm" "apply" "standardGeneric" "apply" 
:408699:3000686392:36197224:0:"aperm.default" "aperm" "apply" "standardGeneric" "apply" 
:408699:3000686392:36197224:0:"aperm.default" "aperm" "apply" "standardGeneric" "apply" 
:408699:3000686392:36197224:0:"aperm.default" "aperm" "apply" "standardGeneric" "apply" 
:408699:3000686392:36197224:0:"aperm.default" "aperm" "apply" "standardGeneric" "apply" 
:408699:3000686392:36197224:0:"aperm.default" "aperm" "apply" "standardGeneric" "apply" 
:408699:3000686392:36197224:0:"aperm.default" "aperm" "apply" "standardGeneric" "apply" 
:408699:3000686392:36197224:0:"aperm.default" "aperm" "apply" "standardGeneric" "apply" 
:408699:3000686392:36197224:0:"aperm.default" "aperm" "apply" "standardGeneric" "apply" 
:408699:3000686392:36197224:0:"aperm.default" "aperm" "apply" "standardGeneric" "apply" 
:408699:3000686392:36197224:0:"aperm.default" "aperm" "apply" "standardGeneric" "apply" 
:408699:3000686392:36197224:0:"aperm.default" "aperm" "apply" "standardGeneric" "apply" 
:408699:3000686392:36197224:0:"aperm.default" "aperm" "apply" "standardGeneric" "apply" 
:408699:3000686392:36197224:0:"aperm.default" "aperm" "apply" "standardGeneric" "apply" 
:408699:3000686392:36197224:0:"aperm.default" "aperm" "apply" "standardGeneric" "apply" 
:408699:3000686392:36197224:0:"aperm.default" "aperm" "apply" "standardGeneric" "apply" 
:408699:3000686392:36197224:0:"aperm.default" "aperm" "apply" "standardGeneric" "apply" 
:408699:3000686392:36197224:0:"aperm.default" "aperm" "apply" "standardGeneric" "apply" 
:408699:3000686392:36197224:0:"aperm.default" "aperm" "apply" "standardGeneric" "apply" 
:408699:3000686392:36197224:0:"aperm.default" "aperm" "apply" "standardGeneric" "apply" 
:408699:3000686392:36197224:0:"aperm.default" "aperm" "apply" "standardGeneric" "apply" 
:408699:3000686392:36197224:0:"aperm.default" "aperm" "apply" "standardGeneric" "apply" 
:411256:3003635710:38124632:637:"sample.int" "FUN" "apply" "standardGeneric" "apply" 
:415243:3006689021:41138944:997:"FUN" "apply" "standardGeneric" "apply" 
:419384:3009859726:44269400:1035:"sample.int" "FUN" "apply" "standardGeneric" "apply" 
:423962:3013366361:47730480:1145:"FUN" "apply" "standardGeneric" "apply" 
:428404:3016768604:51088800:1111:"FUN" "apply" "standardGeneric" "apply" 
:432552:3019943122:54224408:1036:"sample.int" "FUN" "apply" "standardGeneric" "apply" 
:436796:3023192965:57432872:1061:"sample.int" "FUN" "apply" "standardGeneric" "apply" 
:441192:3026559202:60756248:1099:"sample.int" "FUN" "apply" "standardGeneric" "apply" 
:445548:3029894809:64049384:1089:"sample.int" "FUN" "apply" "standardGeneric" "apply" 
:448208:3031933767:66061352:666:"apply" "standardGeneric" "apply" 
:451676:3034587325:68682152:866:"sample.int" "FUN" "apply" "standardGeneric" "apply" 
:456316:3038140405:72189992:1160:"sample.int" "FUN" "apply" "standardGeneric" "apply" 
:460336:3041219533:75229336:1006:"FUN" "apply" "standardGeneric" "apply" 
:464648:3044520634:78488984:1077:"sample.int" "FUN" "apply" "standardGeneric" "apply" 
:468116:3047178068:81111744:868:"apply" "standardGeneric" "apply" 
:469756:3048433898:82350912:410:"FUN" "apply" "standardGeneric" "apply" 
:473392:3051218165:85099728:909:"FUN" "apply" "standardGeneric" "apply" 
:476820:3053841343:87691016:856:"sample.int" "FUN" "apply" "standardGeneric" "apply" 
:481180:3057180013:90987176:1090:"sample.int" "FUN" "apply" "standardGeneric" "apply" 
:485320:3060350218:94117016:1035:"sample.int" "FUN" "apply" "standardGeneric" "apply" 
:488304:3062635216:96372920:746:"sample.int" "FUN" "apply" "standardGeneric" "apply" 
:492343:3065728346:99426656:1010:"sample.int" "FUN" "apply" "standardGeneric" "apply" 
:496628:3069009319:102665864:1071:"sample.int" "FUN" "apply" "standardGeneric" "apply" 
:500820:3072221156:105835352:1049:"apply" "standardGeneric" "apply" 
:504532:3075061807:108641288:927:"sample.int" "FUN" "apply" "standardGeneric" "apply" 
:508988:3078473989:112010024:1114:"sample.int" "FUN" "apply" "standardGeneric" "apply" 
:512788:3081385652:114883328:951:"apply" "standardGeneric" "apply" 
:411785:3030065965:39984728:770:"FUN" "apply" "standardGeneric" "apply" 
:417087:3034124940:43992928:1325:"sample.int" "FUN" "apply" "standardGeneric" "apply" 
:422859:3038546662:48356840:1444:"FUN" "apply" "standardGeneric" "apply" 
:428095:3042555129:52315200:1309:"FUN" "apply" "standardGeneric" "apply" 
:430743:3044582022:54316864:661:"sample.int" "FUN" "apply" "standardGeneric" "apply" 
:435819:3048468969:58154320:1269:"sample.int" "FUN" "apply" "standardGeneric" "apply" 
:441311:3052674468:62306272:1373:"sample.int" "FUN" "apply" "standardGeneric" "apply" 
:446407:3056578543:66159632:1275:"apply" "standardGeneric" "apply" 
:451863:3060756475:70283864:1364:"FUN" "apply" "standardGeneric" "apply" 
:455363:3063437350:72930648:875:"apply" "standardGeneric" "apply" 
:459419:3066540669:75995920:1013:"sample.int" "FUN" "apply" "standardGeneric" "apply" 
:463103:3069361692:78781024:921:"sample.int" "FUN" "apply" "standardGeneric" "apply" 
:468271:3073320901:82688312:1293:"FUN" "apply" "standardGeneric" "apply" 
:473027:3076960995:86283568:1188:"sample.int" "FUN" "apply" "standardGeneric" "apply" 
:476999:3080002554:89286400:993:"sample.int" "FUN" "apply" "standardGeneric" "apply" 
:481207:3083224830:92467648:1052:"sample.int" "FUN" "apply" "standardGeneric" "apply" 
:483879:3085270914:94487680:668:"sample.int" "FUN" "apply" "standardGeneric" "apply" 
:487235:3087840771:97024816:839:"sample.int" "FUN" "apply" "standardGeneric" "apply" 
:490291:3090180903:99335152:764:"sample.int" "FUN" "apply" "standardGeneric" "apply" 
:493343:3092519785:101642744:764:"FUN" "apply" "standardGeneric" "apply" 
:497795:3095927091:105008176:1112:"sample.int" "FUN" "apply" "standardGeneric" "apply" 
:502060:3099194812:108232936:1067:"apply" "standardGeneric" "apply" 
:505147:3101556885:110566288:771:"sample.int" "FUN" "apply" "standardGeneric" "apply" 
:508187:3103886578:112864864:761:"apply" "standardGeneric" "apply" 
:510858:3105930349:114883328:667:"FUN" "apply" "standardGeneric" "apply" 
:411932:3055718359:41528144:807:"sample.int" "FUN" "apply" "standardGeneric" "apply" 
:417280:3059813590:45571232:1337:"sample.int" "FUN" "apply" "standardGeneric" "apply" 
:422728:3063985396:49689920:1362:"sample.int" "FUN" "apply" "standardGeneric" "apply" 
:428209:3068184269:53833976:1371:"apply" "standardGeneric" "apply" 
:433672:3072365764:57963584:1365:"sample.int" "FUN" "apply" "standardGeneric" "apply" 
:438756:3076258837:61807088:1271:"sample.int" "FUN" "apply" "standardGeneric" "apply" 
:444296:3080501905:65995552:1386:"FUN" "apply" "standardGeneric" "apply" 
:449680:3084623890:70065632:1345:"sample.int" "FUN" "apply" "standardGeneric" "apply" 
:455064:3088747001:74135992:1346:"sample.int" "FUN" "apply" "standardGeneric" "apply" 
:460512:3092918494:78254624:1362:"sample.int" "FUN" "apply" "standardGeneric" "apply" 
:465092:3096427442:81717384:1146:"FUN" "apply" "standardGeneric" "apply" 
:469880:3100092040:85336832:1196:"sample.int" "FUN" "apply" "standardGeneric" "apply" 
:474836:3103887097:89083568:1239:"sample.int" "FUN" "apply" "standardGeneric" "apply" 
:479448:3107420549:92570800:1154:"apply" "standardGeneric" "apply" 
:483244:3110326336:95440240:949:"FUN" "apply" "standardGeneric" "apply" 
:485184:3111811391:96906824:485:"FUN" "apply" "standardGeneric" "apply" 
:489411:3115048169:100102520:1056:"sample.int" "FUN" "apply" "standardGeneric" "apply" 
:493400:3118105043:103119016:998:"apply" "standardGeneric" "apply" 
:497144:3120969448:105948416:935:"sample.int" "FUN" "apply" "standardGeneric" "apply" 
:500496:3123538055:108482864:839:"apply" "standardGeneric" "apply" 
:504867:3126883601:111787312:1092:"sample.int" "FUN" "apply" "standardGeneric" "apply" 
:508963:3130020113:114883328:1024:"FUN" "apply" "standardGeneric" "apply" 
:409937:3079255735:41424152:308:"sample.int" "FUN" "apply" "standardGeneric" "apply" 
:415405:3083442356:45557848:1367:"sample.int" "FUN" "apply" "standardGeneric" "apply" 
:418797:3086042843:48123376:849:"apply" "standardGeneric" "apply" 
:422924:3089200796:51242576:1031:"sample.int" "FUN" "apply" "standardGeneric" "apply" 
:426925:3092264296:54267080:1000:"sample.int" "FUN" "apply" "standardGeneric" "apply" 
:431181:3095523328:57484616:1064:"sample.int" "FUN" "apply" "standardGeneric" "apply" 
:435981:3099198928:61113416:1200:"sample.int" "FUN" "apply" "standardGeneric" "apply" 
:441209:3103202269:65065784:1307:"sample.int" "FUN" "apply" "standardGeneric" "apply" 
:446184:3107012141:68826912:1244:"FUN" "apply" "standardGeneric" "apply" 
:451677:3111218140:72979592:1373:"sample.int" "FUN" "apply" "standardGeneric" "apply" 
:456389:3114826354:76541864:1178:"sample.int" "FUN" "apply" "standardGeneric" "apply" 
:461785:3118959154:80621464:1350:"FUN" "apply" "standardGeneric" "apply" 
:467461:3123306551:84912632:1419:"apply" "standardGeneric" "apply" 
:472561:3127210063:88767896:1274:"sample.int" "FUN" "apply" "standardGeneric" "apply" 
:477301:3130839718:92351336:1185:"sample.int" "FUN" "apply" "standardGeneric" "apply" 
:481653:3134172262:95641448:1088:"sample.int" "FUN" "apply" "standardGeneric" "apply" 
:485961:3137471426:98898352:1077:"sample.int" "FUN" "apply" "standardGeneric" "apply" 
:490388:3140861354:102245248:1107:"FUN" "apply" "standardGeneric" "apply" 
:494817:3144253408:105593656:1108:"FUN" "apply" "standardGeneric" "apply" 
:499382:3147750041:109044936:1141:"apply" "standardGeneric" "apply" 
:504057:3151328125:112578872:1168:"sample.int" "FUN" "apply" "standardGeneric" "apply" 
:507105:3149547259:114883328:763:"FUN" "apply" "standardGeneric" "apply" 
:412325:3105684846:44607080:904:"sample.int" "FUN" "apply" "standardGeneric" "apply" 
:417825:3109896471:48765080:1375:"sample.int" "FUN" "apply" "standardGeneric" "apply" 
:421725:3112882896:51713480:975:"sample.int" "FUN" "apply" "standardGeneric" "apply" 
:424537:3115036498:53839408:703:"sample.int" "FUN" "apply" "standardGeneric" "apply" 
:429953:3119182987:57933792:1354:"sample.int" "FUN" "apply" "standardGeneric" "apply" 
:435425:3123374484:62070904:1369:"FUN" "apply" "standardGeneric" "apply" 
:440505:3127263681:65911160:1269:"sample.int" "FUN" "apply" "standardGeneric" "apply" 
:444793:3130547217:69152888:1072:"sample.int" "FUN" "apply" "standardGeneric" "apply" 
:449461:3134121738:72681896:1167:"sample.int" "FUN" "apply" "standardGeneric" "apply" 
:454641:3138088323:76597976:1295:"sample.int" "FUN" "apply" "standardGeneric" "apply" 
:460094:3142265755:80720920:1364:"apply" "standardGeneric" "apply" 
:465345:3146284911:84690200:1312:"sample.int" "FUN" "apply" "standardGeneric" "apply" 
:470721:3150401583:88754456:1344:"sample.int" "FUN" "apply" "standardGeneric" "apply" 
:473469:3152505864:90831944:687:"sample.int" "FUN" "apply" "standardGeneric" "apply" 
:476589:3154895004:93190664:780:"sample.int" "FUN" "apply" "standardGeneric" "apply" 
:479801:3157354593:95618936:803:"sample.int" "FUN" "apply" "standardGeneric" "apply" 
:482949:3159765174:97998824:787:"sample.int" "FUN" "apply" "standardGeneric" "apply" 
:487517:3163263120:101452232:1142:"sample.int" "FUN" "apply" "standardGeneric" "apply" 
:492061:3166743001:104887664:1137:"FUN" "apply" "standardGeneric" "apply" 
:496537:3170170185:108271352:1118:"sample.int" "FUN" "apply" "standardGeneric" "apply" 
:499217:3172222395:110297432:670:"sample.int" "FUN" "apply" "standardGeneric" "apply" 
:503546:3175539124:113570744:1083:"apply" "standardGeneric" "apply" 
:505282:3135139415:114883328:434:"FUN" "apply" "standardGeneric" "apply" 
:413987:3131102117:47216288:1320:"sample.int" "FUN" "apply" "standardGeneric" "apply" 
:418760:3134759339:50825376:1194:"apply" "standardGeneric" "apply" 
:424372:3139054978:55067208:1403:"FUN" "apply" "standardGeneric" "apply" 
:429924:3143307422:59264632:1388:"apply" "standardGeneric" "apply" 
:435396:3147495793:63401128:1367:"sample.int" "FUN" "apply" "standardGeneric" "apply" 
:440552:3151444000:67299064:1289:"sample.int" "FUN" "apply" "standardGeneric" "apply" 
:446012:3155625808:71427048:1366:"FUN" "apply" "standardGeneric" "apply" 
:451704:3159983644:75729976:1422:"sample.int" "FUN" "apply" "standardGeneric" "apply" 
:457208:3164200895:79892064:1377:"apply" "standardGeneric" "apply" 
:462580:3168311941:83952232:1342:"sample.int" "FUN" "apply" "standardGeneric" "apply" 
:467440:3172033486:87626392:1215:"sample.int" "FUN" "apply" "standardGeneric" "apply" 
:471520:3175157746:90710872:1020:"sample.int" "FUN" "apply" "standardGeneric" "apply" 
:476452:3178936488:94440472:1234:"apply" "standardGeneric" "apply" 
:479128:3180984385:96462744:669:"FUN" "apply" "standardGeneric" "apply" 
:482380:3183473791:98921032:812:"sample.int" "FUN" "apply" "standardGeneric" "apply" 
:486204:3186402832:101812200:957:"FUN" "apply" "standardGeneric" "apply" 
:490823:3189939284:105304192:1154:"sample.int" "FUN" "apply" "standardGeneric" "apply" 
:495784:3193737904:109054456:1240:"sample.int" "FUN" "apply" "standardGeneric" "apply" 
:500184:3197107204:112380856:1100:"sample.int" "FUN" "apply" "standardGeneric" "apply" 
:503494:3199642868:114883328:828:"FUN" "apply" "standardGeneric" "apply" 
:410223:3151918147:45698856:379:"sample.int" "FUN" "apply" "standardGeneric" "apply" 
:415735:3156141024:49866936:1379:"apply" "standardGeneric" "apply" 
:421503:3160555807:54226536:1441:"sample.int" "FUN" "apply" "standardGeneric" "apply" 
:426707:3164540770:58160760:1301:"sample.int" "FUN" "apply" "standardGeneric" "apply" 
:432147:3168706450:62273400:1360:"sample.int" "FUN" "apply" "standardGeneric" "apply" 
:436867:3172320790:65841720:1180:"sample.int" "FUN" "apply" "standardGeneric" "apply" 
:442111:3176338196:69806520:1312:"apply" "standardGeneric" "apply" 
:447271:3180287653:73707144:1289:"sample.int" "FUN" "apply" "standardGeneric" "apply" 
:452371:3184192978:77562744:1275:"sample.int" "FUN" "apply" "standardGeneric" "apply" 
:457335:3187994161:81315528:1241:"sample.int" "FUN" "apply" "standardGeneric" "apply" 
:462251:3191761151:85033088:1230:"apply" "standardGeneric" "apply" 
:467075:3195454379:88679920:1206:"apply" "standardGeneric" "apply" 
:472095:3199296944:92474256:1255:"FUN" "apply" "standardGeneric" "apply" 
:475235:3201701086:94847928:784:"sample.int" "FUN" "apply" "standardGeneric" "apply" 
:479119:3204675259:97784232:971:"sample.int" "FUN" "apply" "standardGeneric" "apply" 
:483779:3208243654:101307192:1165:"sample.int" "FUN" "apply" "standardGeneric" "apply" 
:485959:3209914802:102955552:546:"FUN" "apply" "standardGeneric" "apply" 
:490043:3213040312:106042776:1020:"sample.int" "FUN" "apply" "standardGeneric" "apply" 
:494071:3216125566:109088168:1008:"FUN" "apply" "standardGeneric" "apply" 
:498535:3219544874:112463008:1116:"FUN" "apply" "standardGeneric" "apply" 
:501736:3221928695:114883328:800:"apply" "standardGeneric" "apply" 
:412236:3176717649:48523328:882:"sample.int" "FUN" "apply" "standardGeneric" "apply" 
:417816:3180990534:52741808:1395:"sample.int" "FUN" "apply" "standardGeneric" "apply" 
:423516:3185355309:57051008:1425:"sample.int" "FUN" "apply" "standardGeneric" "apply" 
:428680:3189309142:60954936:1291:"sample.int" "FUN" "apply" "standardGeneric" "apply" 
:433796:3193228032:64822912:1280:"FUN" "apply" "standardGeneric" "apply" 
:438772:3197037591:68584544:1243:"sample.int" "FUN" "apply" "standardGeneric" "apply" 
:442504:3199895370:71405936:933:"sample.int" "FUN" "apply" "standardGeneric" "apply" 
:447516:3203732809:75194952:1253:"sample.int" "FUN" "apply" "standardGeneric" "apply" 
:452432:3207497736:78911504:1229:"sample.int" "FUN" "apply" "standardGeneric" "apply" 
:457424:3211320360:82685456:1248:"sample.int" "FUN" "apply" "standardGeneric" "apply" 
:462480:3215194555:86508856:1265:"apply" "standardGeneric" "apply" 
:467340:3218913537:90181952:1214:"sample.int" "FUN" "apply" "standardGeneric" "apply" 
:470736:3221515837:92749664:850:"apply" "standardGeneric" "apply" 
:475564:3225211378:96399352:1206:"sample.int" "FUN" "apply" "standardGeneric" "apply" 
:480359:3228883102:100024568:1199:"sample.int" "FUN" "apply" "standardGeneric" "apply" 
:485320:3232682035:103775000:1241:"FUN" "apply" "standardGeneric" "apply" 
:490024:3236283810:107331056:1175:"sample.int" "FUN" "apply" "standardGeneric" "apply" 
:494368:3239612041:110615400:1087:"FUN" "apply" "standardGeneric" "apply" 
:497523:3242026435:113000664:788:"sample.int" "FUN" "apply" "standardGeneric" "apply" 
:500013:3243934684:114883328:623:"apply" "standardGeneric" "apply" 
:410376:3198121167:48396264:417:"sample.int" "FUN" "apply" "standardGeneric" "apply" 
:415758:3202243465:52465168:1346:"FUN" "apply" "standardGeneric" "apply" 
:419532:3205132374:55318200:943:"sample.int" "FUN" "apply" "standardGeneric" "apply" 
:425064:3209368003:59500224:1383:"sample.int" "FUN" "apply" "standardGeneric" "apply" 
:429976:3213130680:63214088:1229:"FUN" "apply" "standardGeneric" "apply" 
:434920:3216917548:66952368:1236:"apply" "standardGeneric" "apply" 
:439400:3220346295:70338408:1119:"sample.int" "FUN" "apply" "standardGeneric" "apply" 
:444587:3224318506:74260032:1297:"sample.int" "FUN" "apply" "standardGeneric" "apply" 
:449692:3228228207:78119384:1277:"FUN" "apply" "standardGeneric" "apply" 
:454540:3231940563:81784472:1212:"FUN" "apply" "standardGeneric" "apply" 
:459149:3235470889:85269072:1152:"apply" "standardGeneric" "apply" 
:463840:3239061225:88815048:1172:"sample.int" "FUN" "apply" "standardGeneric" "apply" 
:468784:3242849656:92553776:1237:"apply" "standardGeneric" "apply" 
:473768:3246665404:96320896:1246:"FUN" "apply" "standardGeneric" "apply" 
:478652:3250403514:100012920:1220:"sample.int" "FUN" "apply" "standardGeneric" "apply" 
:483644:3254226138:103786872:1248:"sample.int" "FUN" "apply" "standardGeneric" "apply" 
:486960:3256765365:106293768:829:"sample.int" "FUN" "apply" "standardGeneric" "apply" 
:491804:3260474658:109955832:1211:"sample.int" "FUN" "apply" "standardGeneric" "apply" 
:492944:3261349426:110817952:286:"FUN" "apply" "standardGeneric" "apply" 
:496548:3264107689:113542464:901:"FUN" "apply" "standardGeneric" "apply" 
:498321:3222781815:114883328:443:"apply" "standardGeneric" "apply" 
:413571:3222972817:52067288:1216:"sample.int" "FUN" "apply" "standardGeneric" "apply" 
:416911:3225530422:54591768:835:"FUN" "apply" "standardGeneric" "apply" 
:422148:3229540389:58551248:1309:"sample.int" "FUN" "apply" "standardGeneric" "apply" 
:427096:3233330133:62292160:1238:"FUN" "apply" "standardGeneric" "apply" 
:431964:3237056991:65972144:1216:"sample.int" "FUN" "apply" "standardGeneric" "apply" 
:436760:3240731341:69598200:1200:"FUN" "apply" "standardGeneric" "apply" 
:441412:3244291297:73114776:1162:"sample.int" "FUN" "apply" "standardGeneric" "apply" 
:445341:3247302226:76085856:983:"apply" "standardGeneric" "apply" 
:449848:3250751664:79492448:1126:"sample.int" "FUN" "apply" "standardGeneric" "apply" 
:454336:3254188350:82885376:1122:"sample.int" "FUN" "apply" "standardGeneric" "apply" 
:458868:3257658729:86311568:1133:"sample.int" "FUN" "apply" "standardGeneric" "apply" 
:463752:3261399465:90004096:1222:"FUN" "apply" "standardGeneric" "apply" 
:468428:3264979299:93538928:1168:"sample.int" "FUN" "apply" "standardGeneric" "apply" 
:473196:3268630395:97143536:1192:"sample.int" "FUN" "apply" "standardGeneric" "apply" 
:477928:3272253424:100720872:1183:"sample.int" "FUN" "apply" "standardGeneric" "apply" 
:480920:3274545048:102982880:748:"sample.int" "FUN" "apply" "standardGeneric" "apply" 
:484396:3277207608:105610960:870:"FUN" "apply" "standardGeneric" "apply" 
:487808:3279819534:108190208:852:"sample.int" "FUN" "apply" "standardGeneric" "apply" 
:490648:3281993764:110337024:710:"sample.int" "FUN" "apply" "standardGeneric" "apply" 
:494036:3284588625:112898576:847:"sample.int" "FUN" "apply" "standardGeneric" "apply" 
:496660:3271820684:114883328:657:"apply" "standardGeneric" "apply" 
:410117:3242317761:50687784:353:"FUN" "apply" "standardGeneric" "apply" 
:415381:3246347856:54667144:1315:"sample.int" "FUN" "apply" "standardGeneric" "apply" 
:419813:3249744223:58018800:1109:"apply" "standardGeneric" "apply" 
:423777:3252778906:61014800:991:"FUN" "apply" "standardGeneric" "apply" 
:428489:3256386120:64577016:1178:"FUN" "apply" "standardGeneric" "apply" 
:432241:3259260214:67413584:938:"FUN" "apply" "standardGeneric" "apply" 
:436733:3262700713:70810320:1123:"apply" "standardGeneric" "apply" 
:441456:3266315053:74379256:1180:"FUN" "apply" "standardGeneric" "apply" 
:444613:3268732260:76766536:789:"sample.int" "FUN" "apply" "standardGeneric" "apply" 
:448813:3271948410:79941736:1050:"sample.int" "FUN" "apply" "standardGeneric" "apply" 
:452848:3275038477:82991608:1009:"FUN" "apply" "standardGeneric" "apply" 
:457457:3278568366:86476824:1153:"FUN" "apply" "standardGeneric" "apply" 
:462433:3282378738:90238680:1244:"FUN" "apply" "standardGeneric" "apply" 
:467441:3286212801:94024504:1251:"sample.int" "FUN" "apply" "standardGeneric" "apply" 
:472453:3290053303:97814640:1254:"apply" "standardGeneric" "apply" 
:475965:3292742117:100469656:878:"apply" "standardGeneric" "apply" 
:479957:3295796928:103486600:997:"sample.int" "FUN" "apply" "standardGeneric" "apply" 
:484601:3299353071:106997464:1161:"sample.int" "FUN" "apply" "standardGeneric" "apply" 
:489421:3303045799:110641664:1206:"FUN" "apply" "standardGeneric" "apply" 
:493897:3306471483:114025240:1118:"sample.int" "FUN" "apply" "standardGeneric" "apply" 
:495032:3274508730:114883328:284:"FUN" "apply" "standardGeneric" "apply" 
:411026:3264597125:52585792:580:"sample.int" "FUN" "apply" "standardGeneric" "apply" 
:415238:3267822464:55770064:1053:"sample.int" "FUN" "apply" "standardGeneric" "apply" 
:419806:3271322223:59223752:1143:"FUN" "apply" "standardGeneric" "apply" 
:424526:3274936563:62792072:1180:"FUN" "apply" "standardGeneric" "apply" 
:427938:3277547489:65371264:852:"sample.int" "FUN" "apply" "standardGeneric" "apply" 
:431258:3280092342:67882248:831:"apply" "standardGeneric" "apply" 
:436306:3283955598:71697528:1261:"sample.int" "FUN" "apply" "standardGeneric" "apply" 
:441070:3287603318:75299056:1191:"sample.int" "FUN" "apply" "standardGeneric" "apply" 
:445722:3291165900:78816024:1163:"FUN" "apply" "standardGeneric" "apply" 
:450470:3294802181:82405680:1188:"FUN" "apply" "standardGeneric" "apply" 
:454518:3297902937:85466024:1012:"FUN" "apply" "standardGeneric" "apply" 
:459146:3301445015:88964512:1156:"sample.int" "FUN" "apply" "standardGeneric" "apply" 
:464038:3305192877:92663144:1224:"FUN" "apply" "standardGeneric" "apply" 
:468818:3308852162:96276768:1195:"FUN" "apply" "standardGeneric" "apply" 
:470530:3310162626:97570984:428:"FUN" "apply" "standardGeneric" "apply" 
:475306:3313819535:101181472:1193:"sample.int" "FUN" "apply" "standardGeneric" "apply" 
:480098:3317489322:104804280:1198:"sample.int" "FUN" "apply" "standardGeneric" "apply" 
:484710:3321022461:108291344:1154:"apply" "standardGeneric" "apply" 
:489554:3324729941:111952960:1210:"sample.int" "FUN" "apply" "standardGeneric" "apply" 
:493430:3327698301:114883328:969:"FUN" "apply" "standardGeneric" "apply" 
:409146:3284339015:52350872:110:"sample.int" "FUN" "apply" "standardGeneric" "apply" 
:412646:3287019140:54996872:875:"sample.int" "FUN" "apply" "standardGeneric" "apply" 
:416230:3289763588:57706376:896:"sample.int" "FUN" "apply" "standardGeneric" "apply" 
:421126:3293512700:61407752:1224:"sample.int" "FUN" "apply" "standardGeneric" "apply" 
:426218:3297411899:65257304:1273:"sample.int" "FUN" "apply" "standardGeneric" "apply" 
:431050:3301113816:68910576:1209:"FUN" "apply" "standardGeneric" "apply" 
:435742:3304704902:72457448:1172:"sample.int" "FUN" "apply" "standardGeneric" "apply" 
:440374:3308252669:75959464:1159:"FUN" "apply" "standardGeneric" "apply" 
:444642:3311520077:79185848:1066:"sample.int" "FUN" "apply" "standardGeneric" "apply" 
:449530:3315263063:82881176:1222:"sample.int" "FUN" "apply" "standardGeneric" "apply" 
:453378:3318209669:85790264:962:"sample.int" "FUN" "apply" "standardGeneric" "apply" 
:458254:3321943466:89476520:1219:"sample.int" "FUN" "apply" "standardGeneric" "apply" 
:463206:3325735460:93220232:1238:"sample.int" "FUN" "apply" "standardGeneric" "apply" 
:467898:3329328672:96767440:1173:"sample.int" "FUN" "apply" "standardGeneric" "apply" 
:472810:3333089723:100480856:1228:"sample.int" "FUN" "apply" "standardGeneric" "apply" 
:477658:3336802079:104145944:1212:"sample.int" "FUN" "apply" "standardGeneric" "apply" 
:482790:3340731908:108025736:1283:"sample.int" "FUN" "apply" "standardGeneric" "apply" 
:487538:3344369502:111615504:1188:"FUN" "apply" "standardGeneric" "apply" 
:491861:3347678292:114883328:1080:"FUN" "apply" "standardGeneric" "apply" 
:409815:3305641975:54022584:278:"FUN" "apply" "standardGeneric" "apply" 
:413487:3308452996:56798392:917:"sample.int" "FUN" "apply" "standardGeneric" "apply" 
:418463:3312263368:60560248:1244:"sample.int" "FUN" "apply" "standardGeneric" "apply" 
:423395:3316040860:64289064:1234:"FUN" "apply" "standardGeneric" "apply" 
:428087:3319632946:67835992:1172:"sample.int" "FUN" "apply" "standardGeneric" "apply" 
:433028:3323418314:71571808:1236:"apply" "standardGeneric" "apply" 
:437983:3327210808:75317368:1238:"sample.int" "FUN" "apply" "standardGeneric" "apply" 
:442943:3331008928:79067128:1240:"sample.int" "FUN" "apply" "standardGeneric" "apply" 
:447487:3334488496:82502392:1136:"sample.int" "FUN" "apply" "standardGeneric" "apply" 
:452059:3337989505:85958824:1143:"sample.int" "FUN" "apply" "standardGeneric" "apply" 
:456492:3341385872:89310592:1109:"apply" "standardGeneric" "apply" 
:461083:3344900446:92781192:1148:"FUN" "apply" "standardGeneric" "apply" 
:465695:3348432085:96267864:1153:"FUN" "apply" "standardGeneric" "apply" 
:470371:3352011919:99802696:1168:"sample.int" "FUN" "apply" "standardGeneric" "apply" 
:473751:3354600154:102357976:845:"sample.int" "FUN" "apply" "standardGeneric" "apply" 
:477023:3357107501:104831888:819:"FUN" "apply" "standardGeneric" "apply" 
:479927:3359329426:107027032:725:"sample.int" "FUN" "apply" "standardGeneric" "apply" 
:484791:3363054034:110704216:1216:"sample.int" "FUN" "apply" "standardGeneric" "apply" 
:489551:3366698504:114302720:1190:"sample.int" "FUN" "apply" "standardGeneric" "apply" 
:409860:3326078981:55199536:480:"sample.int" "FUN" "apply" "standardGeneric" "apply" 
:414696:3329781835:58855496:1209:"sample.int" "FUN" "apply" "standardGeneric" "apply" 
:419524:3333478876:62505464:1207:"sample.int" "FUN" "apply" "standardGeneric" "apply" 
:424228:3337083527:66062752:1177:"apply" "standardGeneric" "apply" 
:429428:3341062864:69992888:1299:"sample.int" "FUN" "apply" "standardGeneric" "apply" 
:434513:3344958500:73837512:1272:"apply" "standardGeneric" "apply" 
:439356:3348667043:77498736:1211:"FUN" "apply" "standardGeneric" "apply" 
:444184:3352362271:81148424:1206:"sample.int" "FUN" "apply" "standardGeneric" "apply" 
:449100:3356129261:84865984:1230:"apply" "standardGeneric" "apply" 
:453908:3359808424:88499768:1201:"sample.int" "FUN" "apply" "standardGeneric" "apply" 
:458840:3363585103:92228360:1233:"sample.int" "FUN" "apply" "standardGeneric" "apply" 
:463684:3367294396:95890424:1211:"sample.int" "FUN" "apply" "standardGeneric" "apply" 
:468252:3370792342:99343832:1142:"sample.int" "FUN" "apply" "standardGeneric" "apply" 
:473068:3374482007:102985008:1205:"FUN" "apply" "standardGeneric" "apply" 
:477928:3378202552:106659112:1215:"FUN" "apply" "standardGeneric" "apply" 
:482936:3382038428:110445216:1252:"apply" "standardGeneric" "apply" 
:487908:3385845737:114204048:1243:"FUN" "apply" "standardGeneric" "apply" 
:409617:3345917638:56138544:451:"sample.int" "FUN" "apply" "standardGeneric" "apply" 
:414329:3349525352:59700704:1178:"sample.int" "FUN" "apply" "standardGeneric" "apply" 
:419161:3353225956:63353808:1208:"sample.int" "FUN" "apply" "standardGeneric" "apply" 
:424021:3356947501:67027968:1215:"sample.int" "FUN" "apply" "standardGeneric" "apply" 
:428824:3360625664:70659344:1201:"!" "sample.int" "FUN" "apply" "standardGeneric" "apply" 
:433005:3363827812:73820096:1046:"FUN" "apply" "standardGeneric" "apply" 
:437485:3367260122:77207816:1120:"apply" "standardGeneric" "apply" 
:441873:3370617670:80524080:1096:"sample.int" "FUN" "apply" "standardGeneric" "apply" 
:446765:3374363719:84222432:1223:"sample.int" "FUN" "apply" "standardGeneric" "apply" 
:451541:3378020941:87833088:1194:"sample.int" "FUN" "apply" "standardGeneric" "apply" 
:456513:3381829063:91592144:1244:"FUN" "apply" "standardGeneric" "apply" 
:459185:3383875147:93612176:668:"FUN" "apply" "standardGeneric" "apply" 
:461473:3385627183:95341904:572:"FUN" "apply" "standardGeneric" "apply" 
:465718:3388878776:98551656:1061:"FUN" "apply" "standardGeneric" "apply" 
:470245:3392345592:101974320:1132:"apply" "standardGeneric" "apply" 
:474957:3395951743:105535584:1177:"sample.int" "FUN" "apply" "standardGeneric" "apply" 
:480029:3399835627:109370016:1268:"sample.int" "FUN" "apply" "standardGeneric" "apply" 
:485113:3403730513:113213800:1272:"FUN" "apply" "standardGeneric" "apply" 
:487321:3381967542:114883328:552:"apply" "standardGeneric" "apply" 
:411797:3367238973:58886240:771:"sample.int" "FUN" "apply" "standardGeneric" "apply" 
:416457:3370807368:62409200:1165:"sample.int" "FUN" "apply" "standardGeneric" "apply" 
:421041:3374317566:65874704:1146:"sample.int" "FUN" "apply" "standardGeneric" "apply" 
:425729:3377909215:69419168:1173:"apply" "standardGeneric" "apply" 
:430477:3381545746:73009384:1187:"apply" "standardGeneric" "apply" 
:435101:3385084011:76504064:1155:"sample.int" "FUN" "apply" "standardGeneric" "apply" 
:439661:3388577644:79951704:1141:"FUN" "apply" "standardGeneric" "apply" 
:444149:3392014330:83344632:1122:"FUN" "apply" "standardGeneric" "apply" 
:448369:3395243982:86534672:1054:"sample.int" "FUN" "apply" "standardGeneric" "apply" 
:452890:3398707735:89953192:1131:"apply" "standardGeneric" "apply" 
:457561:3402284819:93484832:1168:"apply" "standardGeneric" "apply" 
:462084:3405746509:96903520:1130:"sample.int" "FUN" "apply" "standardGeneric" "apply" 
:466585:3409194697:100306752:1126:"apply" "standardGeneric" "apply" 
:470785:3412409847:103481392:1050:"FUN" "apply" "standardGeneric" "apply" 
:475496:3416016748:107042880:1177:"FUN" "apply" "standardGeneric" "apply" 
:479917:3419403676:110385240:1106:"FUN" "apply" "standardGeneric" "apply" 
:484617:3423003451:113939224:1175:"apply" "standardGeneric" "apply" 
:409233:3384567716:58030000:443:"FUN" "apply" "standardGeneric" "apply" 
:413998:3388218062:61632928:1192:"FUN" "apply" "standardGeneric" "apply" 
:418509:3391670813:65043104:1127:"FUN" "apply" "standardGeneric" "apply" 
:422570:3394780258:68113080:1015:"sample.int" "FUN" "apply" "standardGeneric" "apply" 
:427058:3398217757:71506232:1123:"FUN" "apply" "standardGeneric" "apply" 
:431666:3401745520:74989656:1151:"sample.int" "FUN" "apply" "standardGeneric" "apply" 
:436502:3405450500:78645952:1210:"FUN" "apply" "standardGeneric" "apply" 
:441126:3408989515:82141416:1155:"sample.int" "FUN" "apply" "standardGeneric" "apply" 
:444814:3411815414:84929824:923:"FUN" "apply" "standardGeneric" "apply" 
:446766:3413308658:86405424:487:"FUN" "apply" "standardGeneric" "apply" 
:450562:3416214632:89274920:949:"sample.int" "FUN" "apply" "standardGeneric" "apply" 
:455690:3420143711:93152080:1283:"FUN" "apply" "standardGeneric" "apply" 
:460542:3423858130:96820136:1213:"FUN" "apply" "standardGeneric" "apply" 
:465358:3427547732:100461872:1204:"apply" "standardGeneric" "apply" 
:468226:3429742153:102629240:717:"FUN" "apply" "standardGeneric" "apply" 
:472790:3433236223:106079400:1140:"sample.int" "FUN" "apply" "standardGeneric" "apply" 
:477438:3436795429:109593288:1162:"sample.int" "FUN" "apply" "standardGeneric" "apply" 
:482098:3440365637:113116528:1166:"FUN" "apply" "standardGeneric" "apply" 
:484434:3422793111:114883328:584:"apply" "standardGeneric" "apply" 
:412457:3405968807:61527200:937:"FUN" "apply" "standardGeneric" "apply" 
:417313:3409688039:65199120:1214:"apply" "standardGeneric" "apply" 
:422373:3413560171:69023416:1264:"sample.int" "FUN" "apply" "standardGeneric" "apply" 
:427281:3417318472:72733864:1227:"sample.int" "FUN" "apply" "standardGeneric" "apply" 
:432325:3421182728:76548080:1262:"apply" "standardGeneric" "apply" 
:437017:3424773814:80094280:1172:"sample.int" "FUN" "apply" "standardGeneric" "apply" 
:441521:3428224565:83499584:1127:"FUN" "apply" "standardGeneric" "apply" 
:446017:3431665564:86898280:1123:"sample.int" "FUN" "apply" "standardGeneric" "apply" 
:450777:3435312347:90497120:1191:"FUN" "apply" "standardGeneric" "apply" 
:455758:3439126532:94262896:1245:"apply" "standardGeneric" "apply" 
:458625:3441321953:96430208:717:"FUN" "apply" "standardGeneric" "apply" 
:462209:3444064588:99139432:895:"sample.int" "FUN" "apply" "standardGeneric" "apply" 
:466509:3447357313:102390232:1075:"sample.int" "FUN" "apply" "standardGeneric" "apply" 
:470737:3450596717:105586880:1058:"FUN" "apply" "standardGeneric" "apply" 
:475381:3454151860:109097688:1161:"FUN" "apply" "standardGeneric" "apply" 
:480257:3457885657:112783944:1219:"FUN" "apply" "standardGeneric" "apply" 
:483033:3451985746:114883328:694:"apply" "standardGeneric" "apply" 
:412445:3424540181:62559168:933:"sample.int" "FUN" "apply" "standardGeneric" "apply" 
:416765:3427848721:65825256:1081:"FUN" "apply" "standardGeneric" "apply" 
:421605:3431554138:69484072:1209:"sample.int" "FUN" "apply" "standardGeneric" "apply" 
:426629:3435401266:73282216:1256:"sample.int" "FUN" "apply" "standardGeneric" "apply" 
:431433:3439079929:76914040:1201:"sample.int" "FUN" "apply" "standardGeneric" "apply" 
:436205:3442734088:80521672:1193:"sample.int" "FUN" "apply" "standardGeneric" "apply" 
:439137:3444981080:82738544:734:"FUN" "apply" "standardGeneric" "apply" 
:441629:3446889329:84623056:623:"apply" "standardGeneric" "apply" 
:446304:3450467663:88156768:1168:"sample.int" "FUN" "apply" "standardGeneric" "apply" 
:449773:3453123784:90779080:867:"sample.int" "FUN" "apply" "standardGeneric" "apply" 
:454225:3456532903:94144792:1113:"sample.int" "FUN" "apply" "standardGeneric" "apply" 
:458817:3460049227:97616344:1148:"sample.int" "FUN" "apply" "standardGeneric" "apply" 
:463349:3463521419:101042816:1134:"FUN" "apply" "standardGeneric" "apply" 
:467845:3466964231:104442464:1124:"apply" "standardGeneric" "apply" 
:472325:3470392978:107828392:1119:"sample.int" "FUN" "apply" "standardGeneric" "apply" 
:476925:3473915428:111305992:1150:"sample.int" "FUN" "apply" "standardGeneric" "apply" 
:480065:3476321696:113680784:786:"apply" "standardGeneric" "apply" 
:481657:3477538457:114883328:397:"sample.int" "FUN" "apply" "standardGeneric" "apply" 
:481657:3477538457:114883328:0:"sample.int" "FUN" "apply" "standardGeneric" "apply" 
:481657:3477538457:114883328:0:"sample.int" "FUN" "apply" "standardGeneric" "apply" 
:481657:3477538457:114883328:0:"sample.int" "FUN" "apply" "standardGeneric" "apply" 
:481657:3477538457:114883328:0:"sample.int" "FUN" "apply" "standardGeneric" "apply" 
:481657:3453358904:114883328:0:"sample.int" "FUN" "apply" "standardGeneric" "apply" 
:411506:3442061120:62869520:705:"sample.int" "FUN" "apply" "standardGeneric" "apply" 
:416910:3446199233:66954944:1351:"sample.int" "FUN" "apply" "standardGeneric" "apply" 
:422001:3450097932:70804160:1273:"sample.int" "FUN" "apply" "standardGeneric" "apply" 
:427138:3454031324:74687312:1284:"sample.int" "FUN" "apply" "standardGeneric" "apply" 
:431834:3457627286:78237488:1174:"sample.int" "FUN" "apply" "standardGeneric" "apply" 
:437013:3461593371:82152952:1295:"FUN" "apply" "standardGeneric" "apply" 
:442491:3465789681:86294936:1370:"FUN" "apply" "standardGeneric" "apply" 
:447910:3469940046:90392008:1355:"apply" "standardGeneric" "apply" 
:452966:3473809428:94213336:1263:"sample.int" "FUN" "apply" "standardGeneric" "apply" 
:458082:3477729255:98082040:1280:"apply" "standardGeneric" "apply" 
:462686:3481252205:101561600:1150:"sample.int" "FUN" "apply" "standardGeneric" "apply" 
:467310:3484793846:105057568:1157:"FUN" "apply" "standardGeneric" "apply" 
:472474:3488747366:108961328:1290:"sample.int" "FUN" "apply" "standardGeneric" "apply" 
:477046:3492248375:112417760:1143:"sample.int" "FUN" "apply" "standardGeneric" "apply" 
:480306:3494746783:114883328:816:"apply" "standardGeneric" "apply" 
:411962:3460314302:64216600:818:"sample.int" "FUN" "apply" "standardGeneric" "apply" 
:416430:3463736486:67594632:1118:"FUN" "apply" "standardGeneric" "apply" 
:421178:3467371454:71183896:1186:"sample.int" "FUN" "apply" "standardGeneric" "apply" 
:425790:3470903093:74670568:1153:"sample.int" "FUN" "apply" "standardGeneric" "apply" 
:430522:3474529185:78249024:1184:"apply" "standardGeneric" "apply" 
:435382:3478247667:81921952:1214:"sample.int" "FUN" "apply" "standardGeneric" "apply" 
:440259:3481984527:85609496:1220:"apply" "standardGeneric" "apply" 
:444722:3485400272:88983160:1115:"sample.int" "FUN" "apply" "standardGeneric" "apply" 
:449506:3489065433:92600144:1197:"FUN" "apply" "standardGeneric" "apply" 
:454026:3492526873:96017992:1130:"apply" "standardGeneric" "apply" 
:458854:3496221851:99666952:1206:"sample.int" "FUN" "apply" "standardGeneric" "apply" 
:460814:3497722721:101148712:490:"sample.int" "FUN" "apply" "standardGeneric" "apply" 
:462650:3499129451:102536952:460:"FUN" "apply" "standardGeneric" "apply" 
:467486:3502831805:106192744:1208:"sample.int" "FUN" "apply" "standardGeneric" "apply" 
:471954:3506253989:109570776:1118:"FUN" "apply" "standardGeneric" "apply" 
:475546:3509005563:112286888:898:"apply" "standardGeneric" "apply" 
:478981:3511634367:114883328:858:"sample.int" "FUN" "apply" "standardGeneric" "apply" 
:478981:3511634367:114883328:0:"sample.int" "FUN" "apply" "standardGeneric" "apply" 
:410275:3476598592:63927696:397:"sample.int" "FUN" "apply" "standardGeneric" "apply" 
:415559:3480644815:67922400:1321:"sample.int" "FUN" "apply" "standardGeneric" "apply" 
:420558:3484473065:71701784:1250:"FUN" "apply" "standardGeneric" "apply" 
:423511:3486734059:73934112:738:"sample.int" "FUN" "apply" "standardGeneric" "apply" 
:427339:3489667913:76829144:958:"apply" "standardGeneric" "apply" 
:432160:3493358828:80473400:1205:"apply" "standardGeneric" "apply" 
:436819:3496924660:83994960:1164:"sample.int" "FUN" "apply" "standardGeneric" "apply" 
:441627:3500608199:87630088:1203:"FUN" "apply" "standardGeneric" "apply" 
:446558:3504382565:91357056:1232:"FUN" "apply" "standardGeneric" "apply" 
:451395:3508087045:95014640:1210:"FUN" "apply" "standardGeneric" "apply" 
:456012:3511623497:98505288:1154:"apply" "standardGeneric" "apply" 
:460567:3515110504:101948672:1139:"FUN" "apply" "standardGeneric" "apply" 
:465543:3518922126:105711312:1244:"apply" "standardGeneric" "apply" 
:469975:3522313867:109060896:1107:"sample.int" "FUN" "apply" "standardGeneric" "apply" 
:474451:3525743927:112445816:1120:"apply" "standardGeneric" "apply" 
:475611:3526632197:113322776:290:"apply" "standardGeneric" "apply" 
:476411:3527243047:113926736:200:"FUN" "apply" "standardGeneric" "apply" 
:477676:3528212705:114883328:316:"apply" "standardGeneric" "apply" 
:477676:3500723230:114883328:0:"apply" "standardGeneric" "apply" 
:413586:3496380506:67396448:1224:"sample.int" "FUN" "apply" "standardGeneric" "apply" 
:418030:3499786062:70757176:1112:"apply" "standardGeneric" "apply" 
:422630:3503307762:74233992:1150:"FUN" "apply" "standardGeneric" "apply" 
:427466:3507009929:77889952:1209:"FUN" "apply" "standardGeneric" "apply" 
:432417:3510800610:81632992:1237:"sample.int" "FUN" "apply" "standardGeneric" "apply" 
:437090:3514380507:85165752:1169:"FUN" "apply" "standardGeneric" "apply" 
:441630:3517855199:88597712:1134:"sample.int" "FUN" "apply" "standardGeneric" "apply" 
:446454:3521550990:92245048:1207:"apply" "standardGeneric" "apply" 
:451166:3525157391:95806928:1177:"sample.int" "FUN" "apply" "standardGeneric" "apply" 
:455574:3528532817:99139376:1102:"sample.int" "FUN" "apply" "standardGeneric" "apply" 
:460466:3532278866:102837728:1223:"sample.int" "FUN" "apply" "standardGeneric" "apply" 
:465236:3535932525:106443960:1193:"FUN" "apply" "standardGeneric" "apply" 
:469818:3539440473:109907896:1145:"sample.int" "FUN" "apply" "standardGeneric" "apply" 
:474418:3542962610:113385440:1150:"sample.int" "FUN" "apply" "standardGeneric" "apply" 
:476398:3526110593:114883328:496:"apply" "standardGeneric" "apply" 
:413111:3512945072:67985512:1105:"sample.int" "FUN" "apply" "standardGeneric" "apply" 
:418103:3516767696:71759464:1248:"sample.int" "FUN" "apply" "standardGeneric" "apply" 
:422750:3520326402:75272736:1162:"FUN" "apply" "standardGeneric" "apply" 
:426839:3523457288:78363880:1022:"sample.int" "FUN" "apply" "standardGeneric" "apply" 
:431500:3527028246:81888408:1166:"FUN" "apply" "standardGeneric" "apply" 
:436159:3530596141:85410808:1165:"apply" "standardGeneric" "apply" 
:441027:3534323562:89090288:1217:"FUN" "apply" "standardGeneric" "apply" 
:445619:3537840636:92562624:1148:"apply" "standardGeneric" "apply" 
:450511:3541584122:96259912:1222:"sample.int" "FUN" "apply" "standardGeneric" "apply" 
:454978:3545004993:99637216:1117:"sample.int" "FUN" "apply" "standardGeneric" "apply" 
:459239:3548267588:102858280:1065:"sample.int" "FUN" "apply" "standardGeneric" "apply" 
:464159:3552035078:106577800:1230:"sample.int" "FUN" "apply" "standardGeneric" "apply" 
:469091:3555811757:110306392:1233:"sample.int" "FUN" "apply" "standardGeneric" "apply" 
:472879:3558714231:113170400:948:"FUN" "apply" "standardGeneric" "apply" 
:475145:3560448639:114883328:566:"FUN" "apply" "standardGeneric" "apply" 
:475145:3553396492:114883328:0:"FUN" "apply" "standardGeneric" "apply" 
:410869:3527845418:67222960:546:"FUN" "apply" "standardGeneric" "apply" 
:415758:3531590154:70919464:1222:"apply" "standardGeneric" "apply" 
:420497:3535219809:74502568:1185:"apply" "standardGeneric" "apply" 
:425465:3539021492:78257312:1241:"sample.int" "FUN" "apply" "standardGeneric" "apply" 
:430172:3542626143:81816056:1177:"sample.int" "FUN" "apply" "standardGeneric" "apply" 
:433593:3545245508:84402080:855:"sample.int" "FUN" "apply" "standardGeneric" "apply" 
:438129:3548718950:87831296:1134:"sample.int" "FUN" "apply" "standardGeneric" "apply" 
:440773:3550745406:89830440:662:"FUN" "apply" "standardGeneric" "apply" 
:444417:3553533986:92585024:910:"sample.int" "FUN" "apply" "standardGeneric" "apply" 
:449117:3557133824:96138448:1176:"FUN" "apply" "standardGeneric" "apply" 
:453189:3560251145:99216656:1017:"sample.int" "FUN" "apply" "standardGeneric" "apply" 
:458009:3563942060:102860576:1205:"sample.int" "FUN" "apply" "standardGeneric" "apply" 
:462753:3567574778:106447040:1186:"sample.int" "FUN" "apply" "standardGeneric" "apply" 
:467529:3571232000:110057696:1194:"sample.int" "FUN" "apply" "standardGeneric" "apply" 
:472413:3574972236:113750056:1221:"sample.int" "FUN" "apply" "standardGeneric" "apply" 
:473912:3545803763:114883328:375:"FUN" "apply" "standardGeneric" "apply" 
:413520:3546182500:70141624:1208:"sample.int" "FUN" "apply" "standardGeneric" "apply" 
:418384:3549908608:73819032:1217:"FUN" "apply" "standardGeneric" "apply" 
:423204:3553598523:77462896:1205:"FUN" "apply" "standardGeneric" "apply" 
:427840:3557149540:80967768:1159:"FUN" "apply" "standardGeneric" "apply" 
:432340:3560593602:84369488:1124:"sample.int" "FUN" "apply" "standardGeneric" "apply" 
:436936:3564112989:87844064:1149:"sample.int" "FUN" "apply" "standardGeneric" "apply" 
:441760:3567806967:91491008:1206:"sample.int" "FUN" "apply" "standardGeneric" "apply" 
:444904:3570217048:93868936:787:"apply" "standardGeneric" "apply" 
:449724:3573905400:97511792:1204:"sample.int" "FUN" "apply" "standardGeneric" "apply" 
:454440:3577519240:101078152:1180:"apply" "standardGeneric" "apply" 
:459180:3581146332:104660528:1184:"sample.int" "FUN" "apply" "standardGeneric" "apply" 
:463688:3584600146:108068856:1128:"FUN" "apply" "standardGeneric" "apply" 
:468272:3588108531:111534080:1145:"sample.int" "FUN" "apply" "standardGeneric" "apply" 
:471820:3590826225:114216592:888:"FUN" "apply" "standardGeneric" "apply" 
:409792:3559331784:68220544:496:"sample.int" "FUN" "apply" "standardGeneric" "apply" 
:412673:3561537644:70398328:720:"sample.int" "FUN" "apply" "standardGeneric" "apply" 
:414921:3563259050:72097816:562:"sample.int" "FUN" "apply" "standardGeneric" "apply" 
:417821:3565480538:74290440:726:"FUN" "apply" "standardGeneric" "apply" 
:422617:3569152262:77915992:1198:"sample.int" "FUN" "apply" "standardGeneric" "apply" 
:427485:3572881746:81596480:1218:"FUN" "apply" "standardGeneric" "apply" 
:432337:3576595352:85264312:1212:"sample.int" "FUN" "apply" "standardGeneric" "apply" 
:437169:3580295456:88917304:1208:"sample.int" "FUN" "apply" "standardGeneric" "apply" 
:441749:3583802591:92379784:1145:"sample.int" "FUN" "apply" "standardGeneric" "apply" 
:446613:3587528012:96057192:1217:"FUN" "apply" "standardGeneric" "apply" 
:451522:3591288063:99768536:1227:"apply" "standardGeneric" "apply" 
:454121:3593278263:101733296:650:"FUN" "apply" "standardGeneric" "apply" 
:455477:3594317370:102759216:339:"apply" "standardGeneric" "apply" 
:460281:3597993470:106389976:1200:"sample.int" "FUN" "apply" "standardGeneric" "apply" 
:465173:3601739519:110088328:1223:"sample.int" "FUN" "apply" "standardGeneric" "apply" 
:470061:3605483318:113783880:1223:"FUN" "apply" "standardGeneric" "apply" 
:409385:3574728484:68793256:538:"FUN" "apply" "standardGeneric" "apply" 
:414341:3578522728:72539768:1238:"sample.int" "FUN" "apply" "standardGeneric" "apply" 
:419481:3582459496:76425832:1286:"FUN" "apply" "standardGeneric" "apply" 
:423777:3585748345:79673384:1073:"sample.int" "FUN" "apply" "standardGeneric" "apply" 
:428885:3589659796:83535032:1277:"sample.int" "FUN" "apply" "standardGeneric" "apply" 
:433589:3593261884:87091256:1176:"sample.int" "FUN" "apply" "standardGeneric" "apply" 
:438373:3596927795:90709024:1197:"apply" "standardGeneric" "apply" 
:443297:3600697598:94430784:1231:"FUN" "apply" "standardGeneric" "apply" 
:447981:3604282558:97971608:1170:"sample.int" "FUN" "apply" "standardGeneric" "apply" 
:453317:3608368600:102005624:1334:"sample.int" "FUN" "apply" "standardGeneric" "apply" 
:458225:3612127714:105716296:1228:"FUN" "apply" "standardGeneric" "apply" 
:463061:3615830068:109372088:1208:"sample.int" "FUN" "apply" "standardGeneric" "apply" 
:467877:3619517920:113012984:1204:"sample.int" "FUN" "apply" "standardGeneric" "apply" 
:470350:3607317688:114883328:619:"FUN" "apply" "standardGeneric" "apply" 
:412752:3592722280:72201976:1016:"apply" "standardGeneric" "apply" 
:417487:3596346559:75780096:1183:"FUN" "apply" "standardGeneric" "apply" 
:421980:3599786808:79177392:1123:"sample.int" "FUN" "apply" "standardGeneric" "apply" 
:426372:3603149982:82497744:1098:"sample.int" "FUN" "apply" "standardGeneric" "apply" 
:429196:3605314273:84632968:707:"FUN" "apply" "standardGeneric" "apply" 
:431856:3607351168:86643928:665:"FUN" "apply" "standardGeneric" "apply" 
:436472:3610884057:90133344:1153:"sample.int" "FUN" "apply" "standardGeneric" "apply" 
:441152:3614467767:93671424:1170:"sample.int" "FUN" "apply" "standardGeneric" "apply" 
:445820:3618042288:97200432:1167:"sample.int" "FUN" "apply" "standardGeneric" "apply" 
:450364:3621521856:100635696:1136:"sample.int" "FUN" "apply" "standardGeneric" "apply" 
:454936:3625024678:104092408:1144:"FUN" "apply" "standardGeneric" "apply" 
:459260:3628333968:107361072:1080:"sample.int" "FUN" "apply" "standardGeneric" "apply" 
:463924:3631906239:110887280:1167:"FUN" "apply" "standardGeneric" "apply" 
:468552:3635451130:114386104:1157:"FUN" "apply" "standardGeneric" "apply" 
:469209:3620045919:114883328:164:"length" "FUN" "apply" "standardGeneric" "apply" 
:411692:3607040398:72248008:751:"FUN" "apply" "standardGeneric" "apply" 
:416620:3610815014:75973632:1232:"FUN" "apply" "standardGeneric" "apply" 
:421417:3614488301:79600304:1199:"apply" "standardGeneric" "apply" 
:426228:3618170527:83237000:1202:"sample.int" "FUN" "apply" "standardGeneric" "apply" 
:431152:3621941080:86959544:1231:"sample.int" "FUN" "apply" "standardGeneric" "apply" 
:436168:3625782082:90751640:1254:"sample.int" "FUN" "apply" "standardGeneric" "apply" 
:437996:3627181873:92133608:457:"sample.int" "FUN" "apply" "standardGeneric" "apply" 
:442168:3630376082:95287584:1043:"sample.int" "FUN" "apply" "standardGeneric" "apply" 
:447104:3634157137:99019480:1235:"FUN" "apply" "standardGeneric" "apply" 
:451980:3637890434:102705568:1218:"sample.int" "FUN" "apply" "standardGeneric" "apply" 
:457104:3641815637:106579536:1282:"FUN" "apply" "standardGeneric" "apply" 
:462060:3645610694:110326384:1239:"apply" "standardGeneric" "apply" 
:467112:3649477450:114145304:1262:"sample.int" "FUN" "apply" "standardGeneric" "apply" 
:409681:3620351459:71560664:492:"sample.int" "FUN" "apply" "standardGeneric" "apply" 
:414445:3624001305:75162528:1192:"apply" "standardGeneric" "apply" 
:417821:3626584664:77714504:843:"sample.int" "FUN" "apply" "standardGeneric" "apply" 
:422353:3630055043:81140696:1133:"sample.int" "FUN" "apply" "standardGeneric" "apply" 
:425809:3632702288:83753656:865:"FUN" "apply" "standardGeneric" "apply" 
:429633:3635630516:86644600:956:"FUN" "apply" "standardGeneric" "apply" 
:434057:3639019194:89989200:1106:"FUN" "apply" "standardGeneric" "apply" 
:438677:3642556959:93481920:1155:"FUN" "apply" "standardGeneric" "apply" 
:443333:3646120478:97001576:1163:"sample.int" "FUN" "apply" "standardGeneric" "apply" 
:446649:3648660518:99508696:830:"FUN" "apply" "standardGeneric" "apply" 
:449593:3650914886:101734360:736:"FUN" "apply" "standardGeneric" "apply" 
:453265:3653725907:104510168:917:"sample.int" "FUN" "apply" "standardGeneric" "apply" 
:457277:3656798096:107543240:1003:"sample.int" "FUN" "apply" "standardGeneric" "apply" 
:461648:3660145455:110848080:1093:"sample.int" "FUN" "apply" "standardGeneric" "apply" 
:464589:3662399073:113071392:736:"apply" "standardGeneric" "apply" 
:466985:3664233810:114883328:599:"apply" "standardGeneric" "apply" 
:411869:3636600233:74030600:794:"sample.int" "FUN" "apply" "standardGeneric" "apply" 
:416741:3640331467:77714056:1218:"sample.int" "FUN" "apply" "standardGeneric" "apply" 
:421401:3643899862:81237016:1165:"sample.int" "FUN" "apply" "standardGeneric" "apply" 
:425865:3647319983:84612136:1117:"apply" "standardGeneric" "apply" 
:430345:3650750543:87998960:1120:"apply" "standardGeneric" "apply" 
:434969:3654289558:91494424:1155:"sample.int" "FUN" "apply" "standardGeneric" "apply" 
:439561:3657805882:94965976:1148:"sample.int" "FUN" "apply" "standardGeneric" "apply" 
:444113:3661291576:98407288:1138:"sample.int" "FUN" "apply" "standardGeneric" "apply" 
:448745:3664838530:101909080:1158:"sample.int" "FUN" "apply" "standardGeneric" "apply" 
:452105:3667413263:104449520:841:"FUN" "apply" "standardGeneric" "apply" 
:454497:3669244937:106258544:598:"apply" "standardGeneric" "apply" 
:456845:3671041105:108032680:586:"sample.int" "FUN" "apply" "standardGeneric" "apply" 
:460301:3673690100:110646480:865:"apply" "standardGeneric" "apply" 
:464989:3677277373:114189544:1171:"sample.int" "FUN" "apply" "standardGeneric" "apply" 
:409744:3649279906:73226664:494:"FUN" "apply" "standardGeneric" "apply" 
:414600:3652999388:76897856:1214:"FUN" "apply" "standardGeneric" "apply" 
:419204:3656524901:80378480:1151:"FUN" "apply" "standardGeneric" "apply" 
:423848:3660079231:83889064:1160:"sample.int" "FUN" "apply" "standardGeneric" "apply" 
:428488:3663632311:87396904:1160:"sample.int" "FUN" "apply" "standardGeneric" "apply" 
:433240:3667272968:90990368:1189:"apply" "standardGeneric" "apply" 
:437804:3670766851:94440024:1141:"FUN" "apply" "standardGeneric" "apply" 
:442304:3674213726:97842752:1125:"apply" "standardGeneric" "apply" 
:447116:3677896702:101479672:1202:"sample.int" "FUN" "apply" "standardGeneric" "apply" 
:451732:3681433967:104970432:1155:"apply" "standardGeneric" "apply" 
:454280:3683383348:106895880:637:"FUN" "apply" "standardGeneric" "apply" 
:457852:3686117794:109596088:892:"sample.int" "FUN" "apply" "standardGeneric" "apply" 
:461573:3688968947:112409920:931:"apply" "standardGeneric" "apply" 
:464524:3691227691:114640344:738:"FUN" "apply" "standardGeneric" "apply" 
:464845:3682812444:114883328:80:"apply" "standardGeneric" "apply" 
:412916:3665747865:76411328:1056:"sample.int" "FUN" "apply" "standardGeneric" "apply" 
:417836:3669516168:80131072:1231:"FUN" "apply" "standardGeneric" "apply" 
:422684:3673227711:83795936:1211:"sample.int" "FUN" "apply" "standardGeneric" "apply" 
:427120:3676624578:87149552:1109:"sample.int" "FUN" "apply" "standardGeneric" "apply" 
:431872:3680263422:90742064:1188:"sample.int" "FUN" "apply" "standardGeneric" "apply" 
:436788:3684027849:94458560:1229:"sample.int" "FUN" "apply" "standardGeneric" "apply" 
:441592:3687706512:98090384:1201:"sample.int" "FUN" "apply" "standardGeneric" "apply" 
:446176:3691217523:101556112:1147:"FUN" "apply" "standardGeneric" "apply" 
:450876:3694817548:105109984:1175:"apply" "standardGeneric" "apply" 
:455664:3698484709:108729880:1197:"apply" "standardGeneric" "apply" 
:460661:3702310396:112507304:1249:"FUN" "apply" "standardGeneric" "apply" 
:463804:3704717164:114883328:786:"apply" "standardGeneric" "apply" 
:412247:3679015907:76677608:889:"FUN" "apply" "standardGeneric" "apply" 
:417117:3682744078:80359216:1217:"sample.int" "FUN" "apply" "standardGeneric" "apply" 
:421765:3686305097:83874056:1163:"apply" "standardGeneric" "apply" 
:426585:3689994199:87517024:1204:"sample.int" "FUN" "apply" "standardGeneric" "apply" 
:431061:3693421696:90900880:1119:"sample.int" "FUN" "apply" "standardGeneric" "apply" 
:435141:3696545956:93985360:1020:"sample.int" "FUN" "apply" "standardGeneric" "apply" 
:439661:3700007959:97402704:1131:"FUN" "apply" "standardGeneric" "apply" 
:443916:3703265678:100618672:1063:"FUN" "apply" "standardGeneric" "apply" 
:448145:3706504582:103816608:1058:"FUN" "apply" "standardGeneric" "apply" 
:452796:3710065538:107332848:1162:"!" "sample.int" "FUN" "apply" "standardGeneric" "apply" 
:457673:3713800648:111019776:1220:"FUN" "apply" "standardGeneric" "apply" 
:462565:3717546697:114718128:1223:"FUN" "apply" "standardGeneric" "apply" 
:410074:3690879324:75795328:401:"apply" "standardGeneric" "apply" 
:414802:3694499040:79368912:1182:"FUN" "apply" "standardGeneric" "apply" 
:419398:3698016614:82843208:1148:"sample.int" "FUN" "apply" "standardGeneric" "apply" 
:423998:3701539877:86321032:1151:"FUN" "apply" "standardGeneric" "apply" 
:426799:3703685727:88439008:700:"apply" "standardGeneric" "apply" 
:431410:3707214803:91924280:1152:"sample.int" "FUN" "apply" "standardGeneric" "apply" 
:434326:3709447730:94128776:729:"sample.int" "FUN" "apply" "standardGeneric" "apply" 
:438754:3712838471:97476344:1107:"sample.int" "FUN" "apply" "standardGeneric" "apply" 
:443462:3716443622:101035592:1177:"sample.int" "FUN" "apply" "standardGeneric" "apply" 
:448110:3720005391:104550544:1163:"apply" "standardGeneric" "apply" 
:452859:3723641172:108140200:1187:"apply" "standardGeneric" "apply" 
:455818:3725905229:110376728:739:"sample.int" "FUN" "apply" "standardGeneric" "apply" 
:459482:3728710937:113146712:916:"sample.int" "FUN" "apply" "standardGeneric" "apply" 
:461778:3730470912:114883328:575:"apply" "standardGeneric" "apply" 
:461778:3723284983:114883328:0:"apply" "standardGeneric" "apply" 
:412818:3706250792:78611120:1032:"FUN" "apply" "standardGeneric" "apply" 
:417930:3710163493:82475512:1277:"sample.int" "FUN" "apply" "standardGeneric" "apply" 
:422738:3713845219:86110360:1202:"sample.int" "FUN" "apply" "standardGeneric" "apply" 
:427743:3717679595:89894728:1252:"apply" "standardGeneric" "apply" 
:432813:3721560416:93727424:1267:"sample.int" "FUN" "apply" "standardGeneric" "apply" 
:437506:3725153815:97274968:1173:"sample.int" "FUN" "apply" "standardGeneric" "apply" 
:442354:3728868734:100941120:1213:"apply" "standardGeneric" "apply" 
:447378:3732714112:104738424:1256:"FUN" "apply" "standardGeneric" "apply" 
:452170:3736382773:108360952:1197:"sample.int" "FUN" "apply" "standardGeneric" "apply" 
:457162:3740206210:112135128:1249:"FUN" "apply" "standardGeneric" "apply" 
:460797:3742989164:114883328:908:"sample.int" "FUN" "apply" "standardGeneric" "apply" 
:409847:3717003046:77096544:289:"sample.int" "FUN" "apply" "standardGeneric" "apply" 
:412839:3719294170:79358496:748:"sample.int" "FUN" "apply" "standardGeneric" "apply" 
:416575:3722155012:82182912:934:"sample.int" "FUN" "apply" "standardGeneric" "apply" 
:420599:3725238953:85226120:1007:"apply" "standardGeneric" "apply" 
:425123:3728702456:88645480:1131:"FUN" "apply" "standardGeneric" "apply" 
:429675:3732186337:92086512:1137:"sample.int" "FUN" "apply" "standardGeneric" "apply" 
:434275:3735708787:95564112:1150:"sample.int" "FUN" "apply" "standardGeneric" "apply" 
:438611:3739031642:98843192:1085:"apply" "standardGeneric" "apply" 
:442757:3742204910:101976616:1036:"FUN" "apply" "standardGeneric" "apply" 
:447207:3745613279:105341040:1113:"apply" "standardGeneric" "apply" 
:451423:3748839868:108528000:1053:"sample.int" "FUN" "apply" "standardGeneric" "apply" 
:454291:3751036039:110696208:717:"sample.int" "FUN" "apply" "standardGeneric" "apply" 
:457091:3753180952:112813232:701:"FUN" "apply" "standardGeneric" "apply" 
:459830:3755277794:114883328:684:"FUN" "apply" "standardGeneric" "apply" 
:410984:3730658751:78673168:573:"sample.int" "FUN" "apply" "standardGeneric" "apply" 
:415525:3734137819:82106920:1136:"FUN" "apply" "standardGeneric" "apply" 
:419264:3736999161:84932848:934:"sample.int" "FUN" "apply" "standardGeneric" "apply" 
:425648:3741889522:89759432:1597:"FUN" "apply" "standardGeneric" "apply" 
:430236:3745400970:93227680:1146:"sample.int" "FUN" "apply" "standardGeneric" "apply" 
:434124:3748378206:96167008:972:"sample.int" "FUN" "apply" "standardGeneric" "apply" 
:438607:3751811329:99556520:1121:"(" "sample.int" "FUN" "apply" "standardGeneric" "apply" 
:442972:3755156125:102857160:1092:"apply" "standardGeneric" "apply" 
:447308:3758473854:106134112:1083:"sample.int" "FUN" "apply" "standardGeneric" "apply" 
:451636:3761788020:109406080:1082:"sample.int" "FUN" "apply" "standardGeneric" "apply" 
:456208:3765289029:112862512:1143:"sample.int" "FUN" "apply" "standardGeneric" "apply" 
:458880:3761998632:114883328:669:"apply" "standardGeneric" "apply" 
:412536:3744393195:80547992:960:"sample.int" "FUN" "apply" "standardGeneric" "apply" 
:417396:3748114740:84222152:1215:"sample.int" "FUN" "apply" "standardGeneric" "apply" 
:422140:3751747458:87808616:1186:"sample.int" "FUN" "apply" "standardGeneric" "apply" 
:426944:3755426934:91440664:1202:"FUN" "apply" "standardGeneric" "apply" 
:431460:3758886061:94855488:1129:"apply" "standardGeneric" "apply" 
:436128:3762458769:98383544:1166:"sample.int" "FUN" "apply" "standardGeneric" "apply" 
:441076:3766247700:102124232:1237:"sample.int" "FUN" "apply" "standardGeneric" "apply" 
:443185:3767864464:103719280:528:"apply" "standardGeneric" "apply" 
:447860:3771442548:107252936:1168:"sample.int" "FUN" "apply" "standardGeneric" "apply" 
:452616:3775086268:110848752:1190:"FUN" "apply" "standardGeneric" "apply" 
:457192:3778590340:114308208:1144:"apply" "standardGeneric" "apply" 
:457952:3779172310:114883328:190:"apply" "standardGeneric" "apply" 
:457952:3779172310:114883328:0:"apply" "standardGeneric" "apply" 
:457952:3779172310:114883328:0:"apply" "standardGeneric" "apply" 
:408869:3753887790:78449840:45:"sample.int" "FUN" "apply" "standardGeneric" "apply" 
:413561:3757482502:81997272:1174:"FUN" "apply" "standardGeneric" "apply" 
:418393:3761180793:85649984:1207:"sample.int" "FUN" "apply" "standardGeneric" "apply" 
:423041:3764740812:89164096:1163:"FUN" "apply" "standardGeneric" "apply" 
:427762:3768356902:92733592:1180:"apply" "standardGeneric" "apply" 
:430745:3770639337:94988096:745:"sample.int" "FUN" "apply" "standardGeneric" "apply" 
:433637:3772853886:97174448:723:"sample.int" "FUN" "apply" "standardGeneric" "apply" 
:438445:3776536425:100809520:1203:"FUN" "apply" "standardGeneric" "apply" 
:443261:3780223464:104450192:1203:"sample.int" "FUN" "apply" "standardGeneric" "apply" 
:447917:3783791359:107971192:1165:"apply" "standardGeneric" "apply" 
:453001:3787683682:111813968:1271:"apply" "standardGeneric" "apply" 
:457061:3790792627:114883328:1015:"apply" "standardGeneric" "apply" 
:410797:3767459532:80585456:527:"sample.int" "FUN" "apply" "standardGeneric" "apply" 
:415257:3770876277:83957440:1116:"FUN" "apply" "standardGeneric" "apply" 
:419361:3774017102:87059784:1025:"sample.int" "FUN" "apply" "standardGeneric" "apply" 
:424089:3777639381:90634936:1183:"apply" "standardGeneric" "apply" 
:429037:3781427312:94375064:1237:"FUN" "apply" "standardGeneric" "apply" 
:433737:3785025524:97928040:1174:"sample.int" "FUN" "apply" "standardGeneric" "apply" 
:438585:3788738193:101593296:1213:"FUN" "apply" "standardGeneric" "apply" 
:443713:3792664646:105469896:1281:"sample.int" "FUN" "apply" "standardGeneric" "apply" 
:448449:3796293801:109051376:1185:"apply" "standardGeneric" "apply" 
:453325:3800025035:112736568:1218:"sample.int" "FUN" "apply" "standardGeneric" "apply" 
:456165:3798765683:114883328:710:"sample.int" "FUN" "apply" "standardGeneric" "apply" 
:412598:3780711758:82614224:979:"apply" "standardGeneric" "apply" 
:417582:3784526193:86381120:1245:"sample.int" "FUN" "apply" "standardGeneric" "apply" 
:422070:3787964692:89774328:1123:"FUN" "apply" "standardGeneric" "apply" 
:426789:3791576719:93341024:1179:"FUN" "apply" "standardGeneric" "apply" 
:431534:3795209937:96928832:1186:"sample.int" "FUN" "apply" "standardGeneric" "apply" 
:436230:3798806712:100479232:1175:"FUN" "apply" "standardGeneric" "apply" 
:441054:3802501690:104126232:1206:"FUN" "apply" "standardGeneric" "apply" 
:445706:3806062146:107642864:1162:"sample.int" "FUN" "apply" "standardGeneric" "apply" 
:448698:3808355083:109905096:749:"FUN" "apply" "standardGeneric" "apply" 
:451802:3810730158:112251440:775:"sample.int" "FUN" "apply" "standardGeneric" "apply" 
:455282:3813397031:114883328:871:"apply" "standardGeneric" "apply" 
:412418:3792219860:83128920:932:"sample.int" "FUN" "apply" "standardGeneric" "apply" 
:417239:3795913338:86774016:1206:"apply" "standardGeneric" "apply" 
:421894:3799476107:90292776:1163:"sample.int" "FUN" "apply" "standardGeneric" "apply" 
:426797:3803230845:93999808:1226:"sample.int" "FUN" "apply" "standardGeneric" "apply" 
:429674:3805435455:96174736:720:"FUN" "apply" "standardGeneric" "apply" 
:433546:3808398626:99101688:967:"sample.int" "FUN" "apply" "standardGeneric" "apply" 
:438442:3812148551:102803288:1225:"FUN" "apply" "standardGeneric" "apply" 
:441630:3814588949:105213192:796:"sample.int" "FUN" "apply" "standardGeneric" "apply" 
:445114:3817258635:107847376:872:"FUN" "apply" "standardGeneric" "apply" 
:449833:3820870662:111414800:1179:"FUN" "apply" "standardGeneric" "apply" 
:451734:3822326087:112851816:475:"sample.int" "FUN" "apply" "standardGeneric" "apply" 
:453446:3823637051:114146088:428:"sample.int" "FUN" "apply" "standardGeneric" "apply" 
:454421:3802475363:114883328:244:"FUN" "apply" "standardGeneric" "apply" 
:413527:3804507750:84611128:1211:"apply" "standardGeneric" "apply" 
:418471:3808291055:88347728:1235:"sample.int" "FUN" "apply" "standardGeneric" "apply" 
:423179:3811896206:91906976:1177:"sample.int" "FUN" "apply" "standardGeneric" "apply" 
:427907:3815516672:95481344:1182:"sample.int" "FUN" "apply" "standardGeneric" "apply" 
:432307:3818887785:98808024:1101:"FUN" "apply" "standardGeneric" "apply" 
:437038:3822509001:102384632:1182:"sample.int" "FUN" "apply" "standardGeneric" "apply" 
:441515:3825936998:105768992:1119:"sample.int" "FUN" "apply" "standardGeneric" "apply" 
:446085:3829437507:109224024:1143:"FUN" "apply" "standardGeneric" "apply" 
:450939:3833155989:112894600:1214:"apply" "standardGeneric" "apply" 
:453571:3835168880:114883328:657:"sample.int" "FUN" "apply" "standardGeneric" "apply" 
:412356:3814829541:84353920:917:"sample.int" "FUN" "apply" "standardGeneric" "apply" 
:416964:3818360680:87838632:1153:"apply" "standardGeneric" "apply" 
:421564:3821880567:91315168:1149:"sample.int" "FUN" "apply" "standardGeneric" "apply" 
:425128:3824612263:94010616:892:"apply" "standardGeneric" "apply" 
:428648:3827305140:96670672:879:"sample.int" "FUN" "apply" "standardGeneric" "apply" 
:433160:3830762017:100082472:1129:"apply" "standardGeneric" "apply" 
:438004:3834469497:103743808:1210:"sample.int" "FUN" "apply" "standardGeneric" "apply" 
:442932:3838245676:107470440:1233:"apply" "standardGeneric" "apply" 
:445852:3840479916:109677120:730:"FUN" "apply" "standardGeneric" "apply" 
:448812:3842747536:111914936:740:"FUN" "apply" "standardGeneric" "apply" 
:452739:3845753089:114883328:981:"FUN" "apply" "standardGeneric" "apply" 
:411565:3825237380:84374080:719:"sample.int" "FUN" "apply" "standardGeneric" "apply" 
:416143:3828744015:87835160:1145:"FUN" "apply" "standardGeneric" "apply" 
:420745:3832266965:91314160:1150:"sample.int" "FUN" "apply" "standardGeneric" "apply" 
:424913:3835460424:94465448:1043:"FUN" "apply" "standardGeneric" "apply" 
:428045:3837856940:96832960:782:"sample.int" "FUN" "apply" "standardGeneric" "apply" 
:431893:3840803546:99742048:962:"sample.int" "FUN" "apply" "standardGeneric" "apply" 
:435721:3843736650:102636296:958:"FUN" "apply" "standardGeneric" "apply" 
:439617:3846718199:105581392:973:"sample.int" "FUN" "apply" "standardGeneric" "apply" 
:444157:3850194704:109013632:1135:"sample.int" "FUN" "apply" "standardGeneric" "apply" 
:448625:3853617888:112391720:1118:"FUN" "apply" "standardGeneric" "apply" 
:451921:3856140300:114883328:823:"FUN" "apply" "standardGeneric" "apply" 
:451921:3856140300:114883328:0:"FUN" "apply" "standardGeneric" "apply" 
:411113:3835700574:84637840:607:"FUN" "apply" "standardGeneric" "apply" 
:415897:3839363109:88254320:1195:"sample.int" "FUN" "apply" "standardGeneric" "apply" 
:420901:3843194922:92037344:1251:"sample.int" "FUN" "apply" "standardGeneric" "apply" 
:425377:3846622419:95421200:1119:"sample.int" "FUN" "apply" "standardGeneric" "apply" 
:430261:3850362342:99113504:1221:"sample.int" "FUN" "apply" "standardGeneric" "apply" 
:434705:3853765335:102473168:1111:"sample.int" "FUN" "apply" "standardGeneric" "apply" 
:439289:3857275533:105938672:1146:"sample.int" "FUN" "apply" "standardGeneric" "apply" 
:443869:3860782668:109401152:1145:"sample.int" "FUN" "apply" "standardGeneric" "apply" 
:448509:3864337561:112909272:1161:"FUN" "apply" "standardGeneric" "apply" 
:451120:3866335387:114883328:652:"length" "sample.int" "FUN" "apply" "standardGeneric" "apply" 
:412698:3847524898:86432416:1003:"apply" "standardGeneric" "apply" 
:417407:3851130049:89992112:1177:"FUN" "apply" "standardGeneric" "apply" 
:422137:3854750515:93567656:1182:"length" "sample.int" "FUN" "apply" "standardGeneric" "apply" 
:426942:3858429678:97199816:1201:"sample.int" "FUN" "apply" "standardGeneric" "apply" 
:431258:3861735468:100462936:1080:"FUN" "apply" "standardGeneric" "apply" 
:435930:3865312239:103994744:1167:"sample.int" "FUN" "apply" "standardGeneric" "apply" 
:440438:3868764240:107402792:1127:"sample.int" "FUN" "apply" "standardGeneric" "apply" 
:444054:3871533192:110136488:904:"sample.int" "FUN" "apply" "standardGeneric" "apply" 
:447538:3874201065:112770392:871:"sample.int" "FUN" "apply" "standardGeneric" "apply" 
:450333:3876341602:114883328:699:"FUN" "apply" "standardGeneric" "apply" 
:411091:3856704635:85800904:601:"FUN" "apply" "standardGeneric" "apply" 
:414988:3859688747:88747176:974:"apply" "standardGeneric" "apply" 
:419295:3862985348:92002904:1076:"sample.int" "FUN" "apply" "standardGeneric" "apply" 
:423155:3865940830:94921008:965:"sample.int" "FUN" "apply" "standardGeneric" "apply" 
:424663:3867097394:96061336:378:"FUN" "apply" "standardGeneric" "apply" 
:427227:3869058964:97999440:640:"sample.int" "FUN" "apply" "standardGeneric" "apply" 
:431811:3872569162:101464944:1146:"sample.int" "FUN" "apply" "standardGeneric" "apply" 
:436294:3876002285:104854344:1121:"sample.int" "FUN" "apply" "standardGeneric" "apply" 
:439347:3878339854:107162160:763:"sample.int" "FUN" "apply" "standardGeneric" "apply" 
:444311:3882141037:110914944:1241:"sample.int" "FUN" "apply" "standardGeneric" "apply" 
:449011:3885740375:114468312:1175:"FUN" "apply" "standardGeneric" "apply" 
:449559:3886161506:114883328:138:"apply" "standardGeneric" "apply" 
:449559:3886161506:114883328:0:"apply" "standardGeneric" "apply" 
:411195:3867001023:86451456:626:"apply" "standardGeneric" "apply" 
:416043:3870712629:90116432:1212:"apply" "standardGeneric" "apply" 
:420544:3874159254:93518600:1125:"apply" "standardGeneric" "apply" 
:425251:3877763655:97077008:1177:"FUN" "apply" "standardGeneric" "apply" 
:429999:3881398436:100666440:1187:"FUN" "apply" "standardGeneric" "apply" 
:434683:3884986209:104208048:1171:"apply" "standardGeneric" "apply" 
:439195:3888441273:107618672:1128:"FUN" "apply" "standardGeneric" "apply" 
:443627:3891833264:110968984:1107:"sample.int" "FUN" "apply" "standardGeneric" "apply" 
:448187:3895325084:114416344:1140:"sample.int" "FUN" "apply" "standardGeneric" "apply" 
:410197:3876264086:86258816:531:"sample.int" "FUN" "apply" "standardGeneric" "apply" 
:414210:3879336775:89292392:1003:"sample.int" "FUN" "apply" "standardGeneric" "apply" 
:418838:3882880666:92791160:1157:"sample.int" "FUN" "apply" "standardGeneric" "apply" 
:423481:3886436309:96301632:1161:"sample.int" "FUN" "apply" "standardGeneric" "apply" 
:428309:3890133350:99951656:1207:"length" "sample.int" "FUN" "apply" "standardGeneric" "apply" 
:433006:3893729812:103502168:1174:"sample.int" "FUN" "apply" "standardGeneric" "apply" 
:437434:3897122366:106850016:1108:"FUN" "apply" "standardGeneric" "apply" 
:442118:3900708139:110391064:1171:"FUN" "apply" "standardGeneric" "apply" 
:444518:3902547689:112206304:600:"apply" "standardGeneric" "apply" 
:448061:3905258444:114883328:885:"FUN" "apply" "standardGeneric" "apply" 
:411780:3887322160:88009264:773:"apply" "standardGeneric" "apply" 
:416652:3891051894:91691936:1218:"FUN" "apply" "standardGeneric" "apply" 
:421480:3894748122:95341680:1206:"sample.int" "FUN" "apply" "standardGeneric" "apply" 
:426364:3898488045:99033984:1221:"sample.int" "FUN" "apply" "standardGeneric" "apply" 
:429784:3901107723:101619728:856:"FUN" "apply" "standardGeneric" "apply" 
:431252:3902231844:102729536:367:"FUN" "apply" "standardGeneric" "apply" 
:432696:3903338587:103821256:361:"FUN" "apply" "standardGeneric" "apply" 
:435160:3905223082:105683704:615:"sample.int" "FUN" "apply" "standardGeneric" "apply" 
:439836:3908805042:109219040:1170:"FUN" "apply" "standardGeneric" "apply" 
:444500:3912375687:112744800:1165:"sample.int" "FUN" "apply" "standardGeneric" "apply" 
:447328:3914543041:114883328:708:"apply" "standardGeneric" "apply" 
:447328:3914543041:114883328:0:"apply" "standardGeneric" "apply" 
:410211:3895777151:87361736:379:"FUN" "apply" "standardGeneric" "apply" 
:415092:3899516324:91052472:1221:"FUN" "apply" "standardGeneric" "apply" 
:418196:3901891399:93398816:775:"sample.int" "FUN" "apply" "standardGeneric" "apply" 
:421852:3904690981:96162752:914:"sample.int" "FUN" "apply" "standardGeneric" "apply" 
:426596:3908326262:99750280:1187:"apply" "standardGeneric" "apply" 
:430448:3911272868:102661104:962:"sample.int" "FUN" "apply" "standardGeneric" "apply" 
:435080:3914820322:106163120:1158:"sample.int" "FUN" "apply" "standardGeneric" "apply" 
:439697:3918357587:109654160:1155:"apply" "standardGeneric" "apply" 
:444584:3922098823:113348368:1222:"FUN" "apply" "standardGeneric" "apply" 
:446615:3911994438:114883328:507:"FUN" "apply" "standardGeneric" "apply" 
:413290:3907619287:90223784:1150:"FUN" "apply" "standardGeneric" "apply" 
:418117:3911313765:93872240:1206:"sample.int" "FUN" "apply" "standardGeneric" "apply" 
:422929:3914998554:97510112:1203:"sample.int" "FUN" "apply" "standardGeneric" "apply" 
:427781:3918713973:101178224:1213:"sample.int" "FUN" "apply" "standardGeneric" "apply" 
:432653:3922446520:104861736:1219:"FUN" "apply" "standardGeneric" "apply" 
:436069:3925060509:107443952:853:"sample.int" "FUN" "apply" "standardGeneric" "apply" 
:438049:3926579257:108941896:496:"apply" "standardGeneric" "apply" 
:442705:3930142026:112460768:1163:"sample.int" "FUN" "apply" "standardGeneric" "apply" 
:445909:3932597302:114883328:802:"apply" "standardGeneric" "apply" 
:412409:3916245864:90076952:928:"sample.int" "FUN" "apply" "standardGeneric" "apply" 
:417150:3919878082:93661512:1186:"apply" "standardGeneric" "apply" 
:421701:3923363776:97102768:1138:"apply" "standardGeneric" "apply" 
:425805:3926503851:100204328:1025:"sample.int" "FUN" "apply" "standardGeneric" "apply" 
:430585:3930164136:103818008:1195:"sample.int" "FUN" "apply" "standardGeneric" "apply" 
:435361:3933823171:107428944:1195:"FUN" "apply" "standardGeneric" "apply" 
:439949:3937334619:110897192:1146:"sample.int" "FUN" "apply" "standardGeneric" "apply" 
:443649:3940167894:113694392:925:"sample.int" "FUN" "apply" "standardGeneric" "apply" 
:445221:3941373466:114883328:394:"apply" "standardGeneric" "apply" 
:445221:3941373466:114883328:0:"apply" "standardGeneric" "apply" 
:445221:3938785214:114883328:0:"apply" "standardGeneric" "apply" 
:412773:3925658723:90863864:1020:"FUN" "apply" "standardGeneric" "apply" 
:417357:3929169671:94330152:1146:"apply" "standardGeneric" "apply" 
:422073:3932780948:97895448:1179:"apply" "standardGeneric" "apply" 
:426701:3936322276:101393152:1156:"sample.int" "FUN" "apply" "standardGeneric" "apply" 
:431442:3939954494:104978160:1186:"length" "FUN" "apply" "standardGeneric" "apply" 
:435837:3943318168:108299968:1098:"sample.int" "FUN" "apply" "standardGeneric" "apply" 
:439940:3946460306:111402200:1026:"sample.int" "FUN" "apply" "standardGeneric" "apply" 
:444489:3949946000:114841944:1138:"apply" "standardGeneric" "apply" 
:410701:3933035089:89800648:515:"sample.int" "FUN" "apply" "standardGeneric" "apply" 
:415489:3936702000:93420432:1197:"sample.int" "FUN" "apply" "standardGeneric" "apply" 
:418429:3938953305:95643072:735:"sample.int" "FUN" "apply" "standardGeneric" "apply" 
:422957:3942420621:99066240:1132:"sample.int" "FUN" "apply" "standardGeneric" "apply" 
:427501:3945900189:102501504:1136:"sample.int" "FUN" "apply" "standardGeneric" "apply" 
:432437:3949679931:106233120:1234:"sample.int" "FUN" "apply" "standardGeneric" "apply" 
:437413:3953490303:109994976:1244:"sample.int" "FUN" "apply" "standardGeneric" "apply" 
:441825:3956868792:113330448:1103:"sample.int" "FUN" "apply" "standardGeneric" "apply" 
:443878:3944224478:114883328:514:"length" "FUN" "apply" "standardGeneric" "apply" 
:413208:3943751653:92188824:1128:"sample.int" "FUN" "apply" "standardGeneric" "apply" 
:417896:3947341802:95733120:1173:"FUN" "apply" "standardGeneric" "apply" 
:422384:3950779988:99126832:1122:"apply" "standardGeneric" "apply" 
:427196:3954462964:102763752:1202:"sample.int" "FUN" "apply" "standardGeneric" "apply" 
:431792:3957982351:106238328:1149:"sample.int" "FUN" "apply" "standardGeneric" "apply" 
:436256:3961400659:109613112:1116:"sample.int" "FUN" "apply" "standardGeneric" "apply" 
:440840:3964911170:113078672:1146:"FUN" "apply" "standardGeneric" "apply" 
:443227:3966738968:114883328:597:"FUN" "apply" "standardGeneric" "apply" 
:410538:3950342445:90655992:461:"sample.int" "FUN" "apply" "standardGeneric" "apply" 
:415390:3954057864:94324104:1213:"sample.int" "FUN" "apply" "standardGeneric" "apply" 
:420186:3957730401:97949880:1199:"sample.int" "FUN" "apply" "standardGeneric" "apply" 
:424862:3961311361:101484992:1169:"sample.int" "FUN" "apply" "standardGeneric" "apply" 
:429714:3965026467:105153048:1213:"sample.int" "FUN" "apply" "standardGeneric" "apply" 
:431954:3966743560:106846768:561:"FUN" "apply" "standardGeneric" "apply" 
:435054:3969118135:109191152:775:"apply" "standardGeneric" "apply" 
:437974:3971351562:111397608:729:"sample.int" "FUN" "apply" "standardGeneric" "apply" 
:441642:3974160333:114170616:917:"sample.int" "FUN" "apply" "standardGeneric" "apply" 
:442585:3974882701:114883328:236:"FUN" "apply" "standardGeneric" "apply" 
:442585:3971095783:114883328:0:"FUN" "apply" "standardGeneric" "apply" 
:412915:3960635680:92928416:1055:"sample.int" "FUN" "apply" "standardGeneric" "apply" 
:417659:3964267898:96514824:1186:"sample.int" "FUN" "apply" "standardGeneric" "apply" 
:422507:3967981567:100180192:1213:"FUN" "apply" "standardGeneric" "apply" 
:427351:3971690047:103842032:1210:"sample.int" "FUN" "apply" "standardGeneric" "apply" 
:429359:3973228486:105360304:503:"FUN" "apply" "standardGeneric" "apply" 
:434390:3977080427:109163656:1257:"FUN" "apply" "standardGeneric" "apply" 
:437415:3979398368:111450752:757:"apply" "standardGeneric" "apply" 
:440894:3982060865:114080904:869:"sample.int" "FUN" "apply" "standardGeneric" "apply" 
:441955:3982874873:114883328:266:"apply" "standardGeneric" "apply" 
:441955:3982874873:114883328:0:"apply" "standardGeneric" "apply" 
:441955:3982874873:114883328:0:"apply" "standardGeneric" "apply" 
:441955:3982874873:114883328:0:"apply" "standardGeneric" "apply" 
:441955:3982874873:114883328:0:"apply" "standardGeneric" "apply" 
:441955:3982874873:114883328:0:"apply" "standardGeneric" "apply" 
:441955:3982874873:114883328:0:"apply" "standardGeneric" "apply" 
:441955:3982874873:114883328:0:"apply" "standardGeneric" "apply" 
:441955:3982874873:114883328:0:"apply" "standardGeneric" "apply" 
:441955:3982874873:114883328:0:"apply" "standardGeneric" "apply" 
:441955:3982874873:114883328:0:"apply" "standardGeneric" "apply" 
:408685:3965701392:90180776:0:"apply" "standardGeneric" "apply" 
:413402:3969313419:93746576:1179:"apply" "standardGeneric" "apply" 
:418385:3973129917:97514368:1246:"apply" "standardGeneric" "apply" 
:423405:3976971419:101308424:1254:"sample.int" "FUN" "apply" "standardGeneric" "apply" 
:428137:3980594948:104885816:1183:"sample.int" "FUN" "apply" "standardGeneric" "apply" 
:433309:3984555407:108795848:1293:"sample.int" "FUN" "apply" "standardGeneric" "apply" 
:437921:3988089609:112283584:1154:"apply" "standardGeneric" "apply" 
:442888:3991890792:116037824:1241:"sample.int" "FUN" "apply" "standardGeneric" "apply" 
:447893:3995725668:119822416:1252:"apply" "standardGeneric" "apply" 
:450913:3998035670:122104472:754:"sample.int" "FUN" "apply" "standardGeneric" "apply" 
:455038:4001196186:125223672:1032:"apply" "standardGeneric" "apply" 
:459689:4004756705:128739352:1163:"FUN" "apply" "standardGeneric" "apply" 
:464361:4008333476:132271160:1167:"sample.int" "FUN" "apply" "standardGeneric" "apply" 
:469045:4011922062:135812544:1172:"FUN" "apply" "standardGeneric" "apply" 
:473737:4015513148:139359416:1172:"sample.int" "FUN" "apply" "standardGeneric" "apply" 
:474716:4016263083:140099960:245:"length" "sample.int" "FUN" "apply" "standardGeneric" "apply" 
:410685:3983741205:92619016:500:"sample.int" "FUN" "apply" "standardGeneric" "apply" 
:415526:3987447935:96278448:1210:"sample.int" "FUN" "apply" "standardGeneric" "apply" 
:420210:3991035521:99819776:1172:"FUN" "apply" "standardGeneric" "apply" 
:425074:3994759316:103496736:1215:"sample.int" "FUN" "apply" "standardGeneric" "apply" 
:427226:3996407210:105123648:538:"sample.int" "FUN" "apply" "standardGeneric" "apply" 
:429222:3997935647:106632624:499:"sample.int" "FUN" "apply" "standardGeneric" "apply" 
:433970:4001571428:110222112:1187:"sample.int" "FUN" "apply" "standardGeneric" "apply" 
:438530:4005063248:113669472:1140:"sample.int" "FUN" "apply" "standardGeneric" "apply" 
:443022:4008504810:117065704:1124:"FUN" "apply" "standardGeneric" "apply" 
:447710:4012092833:120609552:1171:"sample.int" "FUN" "apply" "standardGeneric" "apply" 
:452482:4015748805:124217464:1194:"FUN" "apply" "standardGeneric" "apply" 
:457446:4019548988:127970192:1241:"FUN" "apply" "standardGeneric" "apply" 
:461718:4022821272:131199880:1068:"FUN" "apply" "standardGeneric" "apply" 
:466323:4026347535:134681736:1151:"FUN" "apply" "standardGeneric" "apply" 
:470890:4029842918:138133632:1141:"sample.int" "FUN" "apply" "standardGeneric" "apply" 
:473490:4031835681:140099960:651:"apply" "standardGeneric" "apply" 
:409558:3999077939:92673392:217:"sample.int" "FUN" "apply" "standardGeneric" "apply" 
:414478:4002845429:96392912:1230:"sample.int" "FUN" "apply" "standardGeneric" "apply" 
:419182:4006450080:99950200:1177:"apply" "standardGeneric" "apply" 
:421792:4008946406:101922128:652:"lengths" "apply" "standardGeneric" "apply" 
:421793:4009446406:101923416:1:"unlist" "apply" "standardGeneric" "apply" 
:421793:4009446406:101923416:0:"unlist" "apply" "standardGeneric" "apply" 
:421793:4009446406:101923416:0:"unlist" "apply" "standardGeneric" "apply" 
:421793:4009446406:101923416:0:"unlist" "apply" "standardGeneric" "apply" 
:421793:4009446406:101923416:0:"unlist" "apply" "standardGeneric" "apply" 
:421793:4009446406:101923416:0:"unlist" "apply" "standardGeneric" "apply" 
:421793:4009446406:101923416:0:"unlist" "apply" "standardGeneric" "apply" 
:421793:4009446406:101923416:0:"unlist" "apply" "standardGeneric" "apply" 
:421793:4009446406:101923416:0:"unlist" "apply" "standardGeneric" "apply" 
:421793:4009446406:101923416:0:"unlist" "apply" "standardGeneric" "apply" 
:421793:4009446406:101923416:0:"unlist" "apply" "standardGeneric" "apply" 
:421793:4009446406:101923416:0:"unlist" "apply" "standardGeneric" "apply" 
:411547:4001686646:92899856:278:"as.list" "lapply" "unlist" "unique" "findLocalsList1" "FUN" "lapply" "unlist" "unique" "findLocalsList1" "unique" "FUN" "lapply" "unlist" "unique" "findLocalsList1" "FUN" "lapply" "unlist" "unique" "findLocalsList1" "findLocalsList" "funEnv" "make.functionContext" "cmpfun" "doTryCatch" "tryCatchOne" "tryCatchList" "tryCatch" "compiler:::tryCmpfun" "FUN" "lapply" ".rs.recordTraceback" "<Anonymous>" "unlist" "apply" "standardGeneric" "apply" 
